{"/Users/ghulamabbas/Documents/Udemy Courses/Unit Testing/Lecture Files/jobs-api-unit-testing/app.js": {"path":"/Users/ghulamabbas/Documents/Udemy Courses/Unit Testing/Lecture Files/jobs-api-unit-testing/app.js","all":false,"statementMap":{"0":{"start":{"line":1,"column":0},"end":{"line":1,"column":30}},"1":{"start":{"line":2,"column":0},"end":{"line":2,"column":22}},"2":{"start":{"line":3,"column":0},"end":{"line":3,"column":0}},"3":{"start":{"line":4,"column":0},"end":{"line":4,"column":28}},"4":{"start":{"line":5,"column":0},"end":{"line":5,"column":41}},"5":{"start":{"line":6,"column":0},"end":{"line":6,"column":44}},"6":{"start":{"line":7,"column":0},"end":{"line":7,"column":0}},"7":{"start":{"line":8,"column":0},"end":{"line":8,"column":39}},"8":{"start":{"line":9,"column":0},"end":{"line":9,"column":47}},"9":{"start":{"line":10,"column":0},"end":{"line":10,"column":0}},"10":{"start":{"line":11,"column":0},"end":{"line":11,"column":20}},"11":{"start":{"line":12,"column":0},"end":{"line":12,"column":24}},"12":{"start":{"line":13,"column":0},"end":{"line":13,"column":0}},"13":{"start":{"line":14,"column":0},"end":{"line":14,"column":20}},"14":{"start":{"line":15,"column":0},"end":{"line":15,"column":24}},"15":{"start":{"line":16,"column":0},"end":{"line":16,"column":0}},"16":{"start":{"line":17,"column":0},"end":{"line":17,"column":22}},"17":{"start":{"line":18,"column":0},"end":{"line":18,"column":0}},"18":{"start":{"line":19,"column":0},"end":{"line":19,"column":23}},"19":{"start":{"line":20,"column":0},"end":{"line":20,"column":36}},"20":{"start":{"line":21,"column":0},"end":{"line":21,"column":36}},"21":{"start":{"line":22,"column":0},"end":{"line":22,"column":0}},"22":{"start":{"line":23,"column":0},"end":{"line":23,"column":25}},"23":{"start":{"line":24,"column":0},"end":{"line":24,"column":25}},"24":{"start":{"line":25,"column":0},"end":{"line":25,"column":0}},"25":{"start":{"line":26,"column":0},"end":{"line":26,"column":26}},"26":{"start":{"line":27,"column":0},"end":{"line":27,"column":28}},"27":{"start":{"line":28,"column":0},"end":{"line":28,"column":31}},"28":{"start":{"line":29,"column":0},"end":{"line":29,"column":29}},"29":{"start":{"line":30,"column":0},"end":{"line":30,"column":5}},"30":{"start":{"line":31,"column":0},"end":{"line":31,"column":3}},"31":{"start":{"line":32,"column":0},"end":{"line":32,"column":0}},"32":{"start":{"line":33,"column":0},"end":{"line":33,"column":19}}},"s":{"0":1,"1":1,"2":1,"3":1,"4":1,"5":1,"6":1,"7":1,"8":1,"9":1,"10":1,"11":1,"12":1,"13":1,"14":1,"15":1,"16":1,"17":1,"18":1,"19":1,"20":1,"21":1,"22":1,"23":1,"24":1,"25":1,"26":1,"27":1,"28":1,"29":1,"30":1,"31":1,"32":1},"branchMap":{"0":{"type":"branch","line":27,"loc":{"start":{"line":27,"column":13},"end":{"line":31,"column":2}},"locations":[{"start":{"line":27,"column":13},"end":{"line":31,"column":2}}]}},"b":{"0":[1]},"fnMap":{},"f":{}}
,"/Users/ghulamabbas/Documents/Udemy Courses/Unit Testing/Lecture Files/jobs-api-unit-testing/__tests__/db-handler.js": {"path":"/Users/ghulamabbas/Documents/Udemy Courses/Unit Testing/Lecture Files/jobs-api-unit-testing/__tests__/db-handler.js","all":false,"statementMap":{"0":{"start":{"line":1,"column":0},"end":{"line":1,"column":32}},"1":{"start":{"line":2,"column":0},"end":{"line":2,"column":58}},"2":{"start":{"line":3,"column":0},"end":{"line":3,"column":0}},"3":{"start":{"line":4,"column":0},"end":{"line":4,"column":17}},"4":{"start":{"line":5,"column":0},"end":{"line":5,"column":0}},"5":{"start":{"line":6,"column":0},"end":{"line":6,"column":44}},"6":{"start":{"line":7,"column":0},"end":{"line":7,"column":43}},"7":{"start":{"line":8,"column":0},"end":{"line":8,"column":29}},"8":{"start":{"line":9,"column":0},"end":{"line":9,"column":0}},"9":{"start":{"line":10,"column":0},"end":{"line":10,"column":31}},"10":{"start":{"line":11,"column":0},"end":{"line":11,"column":26}},"11":{"start":{"line":12,"column":0},"end":{"line":12,"column":29}},"12":{"start":{"line":13,"column":0},"end":{"line":13,"column":5}},"13":{"start":{"line":14,"column":0},"end":{"line":14,"column":2}},"14":{"start":{"line":15,"column":0},"end":{"line":15,"column":0}},"15":{"start":{"line":16,"column":0},"end":{"line":16,"column":42}},"16":{"start":{"line":17,"column":0},"end":{"line":17,"column":43}},"17":{"start":{"line":18,"column":0},"end":{"line":18,"column":36}},"18":{"start":{"line":19,"column":0},"end":{"line":19,"column":21}},"19":{"start":{"line":20,"column":0},"end":{"line":20,"column":2}}},"s":{"0":1,"1":0,"2":1,"3":1,"4":1,"5":1,"6":2,"7":2,"8":2,"9":2,"10":2,"11":2,"12":2,"13":1,"14":1,"15":1,"16":2,"17":2,"18":2,"19":1},"branchMap":{"0":{"type":"branch","line":2,"loc":{"start":{"line":2,"column":0},"end":{"line":2,"column":58}},"locations":[{"start":{"line":2,"column":0},"end":{"line":2,"column":58}}]},"1":{"type":"branch","line":2,"loc":{"start":{"line":2,"column":0},"end":{"line":2,"column":58}},"locations":[{"start":{"line":2,"column":0},"end":{"line":2,"column":58}}]},"2":{"type":"branch","line":2,"loc":{"start":{"line":2,"column":0},"end":{"line":2,"column":58}},"locations":[{"start":{"line":2,"column":0},"end":{"line":2,"column":58}}]},"3":{"type":"branch","line":2,"loc":{"start":{"line":2,"column":0},"end":{"line":2,"column":58}},"locations":[{"start":{"line":2,"column":0},"end":{"line":2,"column":58}}]},"4":{"type":"branch","line":2,"loc":{"start":{"line":2,"column":0},"end":{"line":2,"column":58}},"locations":[{"start":{"line":2,"column":0},"end":{"line":2,"column":58}}]},"5":{"type":"branch","line":2,"loc":{"start":{"line":2,"column":0},"end":{"line":2,"column":58}},"locations":[{"start":{"line":2,"column":0},"end":{"line":2,"column":58}}]},"6":{"type":"branch","line":2,"loc":{"start":{"line":2,"column":0},"end":{"line":2,"column":58}},"locations":[{"start":{"line":2,"column":0},"end":{"line":2,"column":58}}]},"7":{"type":"branch","line":2,"loc":{"start":{"line":2,"column":0},"end":{"line":2,"column":58}},"locations":[{"start":{"line":2,"column":0},"end":{"line":2,"column":58}}]},"8":{"type":"branch","line":2,"loc":{"start":{"line":2,"column":0},"end":{"line":2,"column":58}},"locations":[{"start":{"line":2,"column":0},"end":{"line":2,"column":58}}]},"9":{"type":"branch","line":2,"loc":{"start":{"line":2,"column":0},"end":{"line":2,"column":58}},"locations":[{"start":{"line":2,"column":0},"end":{"line":2,"column":58}}]},"10":{"type":"branch","line":2,"loc":{"start":{"line":2,"column":0},"end":{"line":2,"column":58}},"locations":[{"start":{"line":2,"column":0},"end":{"line":2,"column":58}}]},"11":{"type":"branch","line":2,"loc":{"start":{"line":2,"column":0},"end":{"line":2,"column":58}},"locations":[{"start":{"line":2,"column":0},"end":{"line":2,"column":58}}]},"12":{"type":"branch","line":2,"loc":{"start":{"line":2,"column":0},"end":{"line":2,"column":58}},"locations":[{"start":{"line":2,"column":0},"end":{"line":2,"column":58}}]},"13":{"type":"branch","line":2,"loc":{"start":{"line":2,"column":0},"end":{"line":2,"column":58}},"locations":[{"start":{"line":2,"column":0},"end":{"line":2,"column":58}}]},"14":{"type":"branch","line":2,"loc":{"start":{"line":2,"column":0},"end":{"line":2,"column":58}},"locations":[{"start":{"line":2,"column":0},"end":{"line":2,"column":58}}]},"15":{"type":"branch","line":2,"loc":{"start":{"line":2,"column":0},"end":{"line":2,"column":58}},"locations":[{"start":{"line":2,"column":0},"end":{"line":2,"column":58}}]},"16":{"type":"branch","line":2,"loc":{"start":{"line":2,"column":0},"end":{"line":2,"column":58}},"locations":[{"start":{"line":2,"column":0},"end":{"line":2,"column":58}}]},"17":{"type":"branch","line":2,"loc":{"start":{"line":2,"column":0},"end":{"line":2,"column":58}},"locations":[{"start":{"line":2,"column":0},"end":{"line":2,"column":58}}]},"18":{"type":"branch","line":2,"loc":{"start":{"line":2,"column":0},"end":{"line":2,"column":58}},"locations":[{"start":{"line":2,"column":0},"end":{"line":2,"column":58}}]},"19":{"type":"branch","line":2,"loc":{"start":{"line":2,"column":0},"end":{"line":2,"column":58}},"locations":[{"start":{"line":2,"column":0},"end":{"line":2,"column":58}}]},"20":{"type":"branch","line":2,"loc":{"start":{"line":2,"column":0},"end":{"line":2,"column":58}},"locations":[{"start":{"line":2,"column":0},"end":{"line":2,"column":58}}]},"21":{"type":"branch","line":2,"loc":{"start":{"line":2,"column":0},"end":{"line":2,"column":58}},"locations":[{"start":{"line":2,"column":0},"end":{"line":2,"column":58}}]},"22":{"type":"branch","line":2,"loc":{"start":{"line":2,"column":0},"end":{"line":2,"column":58}},"locations":[{"start":{"line":2,"column":0},"end":{"line":2,"column":58}}]},"23":{"type":"branch","line":2,"loc":{"start":{"line":2,"column":0},"end":{"line":2,"column":58}},"locations":[{"start":{"line":2,"column":0},"end":{"line":2,"column":58}}]},"24":{"type":"branch","line":2,"loc":{"start":{"line":2,"column":0},"end":{"line":2,"column":58}},"locations":[{"start":{"line":2,"column":0},"end":{"line":2,"column":58}}]},"25":{"type":"branch","line":2,"loc":{"start":{"line":2,"column":0},"end":{"line":2,"column":58}},"locations":[{"start":{"line":2,"column":0},"end":{"line":2,"column":58}}]},"26":{"type":"branch","line":2,"loc":{"start":{"line":2,"column":0},"end":{"line":2,"column":58}},"locations":[{"start":{"line":2,"column":0},"end":{"line":2,"column":58}}]},"27":{"type":"branch","line":2,"loc":{"start":{"line":2,"column":0},"end":{"line":2,"column":58}},"locations":[{"start":{"line":2,"column":0},"end":{"line":2,"column":58}}]},"28":{"type":"branch","line":2,"loc":{"start":{"line":2,"column":0},"end":{"line":2,"column":58}},"locations":[{"start":{"line":2,"column":0},"end":{"line":2,"column":58}}]},"29":{"type":"branch","line":2,"loc":{"start":{"line":2,"column":0},"end":{"line":2,"column":58}},"locations":[{"start":{"line":2,"column":0},"end":{"line":2,"column":58}}]},"30":{"type":"branch","line":2,"loc":{"start":{"line":2,"column":0},"end":{"line":2,"column":58}},"locations":[{"start":{"line":2,"column":0},"end":{"line":2,"column":58}}]},"31":{"type":"branch","line":2,"loc":{"start":{"line":2,"column":0},"end":{"line":2,"column":58}},"locations":[{"start":{"line":2,"column":0},"end":{"line":2,"column":58}}]},"32":{"type":"branch","line":2,"loc":{"start":{"line":2,"column":0},"end":{"line":2,"column":58}},"locations":[{"start":{"line":2,"column":0},"end":{"line":2,"column":58}}]},"33":{"type":"branch","line":2,"loc":{"start":{"line":2,"column":0},"end":{"line":2,"column":58}},"locations":[{"start":{"line":2,"column":0},"end":{"line":2,"column":58}}]},"34":{"type":"branch","line":2,"loc":{"start":{"line":2,"column":0},"end":{"line":2,"column":58}},"locations":[{"start":{"line":2,"column":0},"end":{"line":2,"column":58}}]},"35":{"type":"branch","line":2,"loc":{"start":{"line":2,"column":0},"end":{"line":2,"column":58}},"locations":[{"start":{"line":2,"column":0},"end":{"line":2,"column":58}}]},"36":{"type":"branch","line":2,"loc":{"start":{"line":2,"column":0},"end":{"line":2,"column":58}},"locations":[{"start":{"line":2,"column":0},"end":{"line":2,"column":58}}]},"37":{"type":"branch","line":2,"loc":{"start":{"line":2,"column":0},"end":{"line":2,"column":58}},"locations":[{"start":{"line":2,"column":0},"end":{"line":2,"column":58}}]},"38":{"type":"branch","line":2,"loc":{"start":{"line":2,"column":0},"end":{"line":2,"column":58}},"locations":[{"start":{"line":2,"column":0},"end":{"line":2,"column":58}}]},"39":{"type":"branch","line":2,"loc":{"start":{"line":2,"column":0},"end":{"line":2,"column":58}},"locations":[{"start":{"line":2,"column":0},"end":{"line":2,"column":58}}]},"40":{"type":"branch","line":2,"loc":{"start":{"line":2,"column":0},"end":{"line":2,"column":58}},"locations":[{"start":{"line":2,"column":0},"end":{"line":2,"column":58}}]},"41":{"type":"branch","line":2,"loc":{"start":{"line":2,"column":0},"end":{"line":2,"column":58}},"locations":[{"start":{"line":2,"column":0},"end":{"line":2,"column":58}}]},"42":{"type":"branch","line":2,"loc":{"start":{"line":2,"column":0},"end":{"line":2,"column":58}},"locations":[{"start":{"line":2,"column":0},"end":{"line":2,"column":58}}]},"43":{"type":"branch","line":2,"loc":{"start":{"line":2,"column":0},"end":{"line":2,"column":58}},"locations":[{"start":{"line":2,"column":0},"end":{"line":2,"column":58}}]},"44":{"type":"branch","line":6,"loc":{"start":{"line":6,"column":28},"end":{"line":6,"column":31}},"locations":[{"start":{"line":6,"column":28},"end":{"line":6,"column":31}}]},"45":{"type":"branch","line":6,"loc":{"start":{"line":6,"column":31},"end":{"line":13,"column":5}},"locations":[{"start":{"line":6,"column":31},"end":{"line":13,"column":5}}]},"46":{"type":"branch","line":6,"loc":{"start":{"line":6,"column":31},"end":{"line":13,"column":5}},"locations":[{"start":{"line":6,"column":31},"end":{"line":13,"column":5}}]},"47":{"type":"branch","line":6,"loc":{"start":{"line":6,"column":31},"end":{"line":7,"column":43}},"locations":[{"start":{"line":6,"column":31},"end":{"line":7,"column":43}}]},"48":{"type":"branch","line":7,"loc":{"start":{"line":7,"column":42},"end":{"line":13,"column":5}},"locations":[{"start":{"line":7,"column":42},"end":{"line":13,"column":5}}]},"49":{"type":"branch","line":13,"loc":{"start":{"line":13,"column":4},"end":{"line":13,"column":5}},"locations":[{"start":{"line":13,"column":4},"end":{"line":13,"column":5}}]},"50":{"type":"branch","line":13,"loc":{"start":{"line":13,"column":4},"end":{"line":13,"column":5}},"locations":[{"start":{"line":13,"column":4},"end":{"line":13,"column":5}}]},"51":{"type":"branch","line":16,"loc":{"start":{"line":16,"column":26},"end":{"line":16,"column":29}},"locations":[{"start":{"line":16,"column":26},"end":{"line":16,"column":29}}]},"52":{"type":"branch","line":16,"loc":{"start":{"line":16,"column":29},"end":{"line":19,"column":21}},"locations":[{"start":{"line":16,"column":29},"end":{"line":19,"column":21}}]},"53":{"type":"branch","line":16,"loc":{"start":{"line":16,"column":29},"end":{"line":19,"column":21}},"locations":[{"start":{"line":16,"column":29},"end":{"line":19,"column":21}}]},"54":{"type":"branch","line":16,"loc":{"start":{"line":16,"column":29},"end":{"line":17,"column":43}},"locations":[{"start":{"line":16,"column":29},"end":{"line":17,"column":43}}]},"55":{"type":"branch","line":17,"loc":{"start":{"line":17,"column":42},"end":{"line":18,"column":36}},"locations":[{"start":{"line":17,"column":42},"end":{"line":18,"column":36}}]},"56":{"type":"branch","line":18,"loc":{"start":{"line":18,"column":35},"end":{"line":19,"column":21}},"locations":[{"start":{"line":18,"column":35},"end":{"line":19,"column":21}}]},"57":{"type":"branch","line":19,"loc":{"start":{"line":19,"column":20},"end":{"line":19,"column":21}},"locations":[{"start":{"line":19,"column":20},"end":{"line":19,"column":21}}]},"58":{"type":"branch","line":19,"loc":{"start":{"line":19,"column":20},"end":{"line":19,"column":21}},"locations":[{"start":{"line":19,"column":20},"end":{"line":19,"column":21}}]}},"b":{"0":[0],"1":[0],"2":[0],"3":[0],"4":[0],"5":[0],"6":[6],"7":[26],"8":[4],"9":[0],"10":[14],"11":[0],"12":[4],"13":[12],"14":[14],"15":[4],"16":[14],"17":[0],"18":[0],"19":[0],"20":[0],"21":[4],"22":[10],"23":[0],"24":[0],"25":[4],"26":[4],"27":[2],"28":[0],"29":[0],"30":[4],"31":[0],"32":[4],"33":[0],"34":[4],"35":[0],"36":[14],"37":[0],"38":[4],"39":[10],"40":[4],"41":[4],"42":[4],"43":[14],"44":[2],"45":[2],"46":[6],"47":[2],"48":[2],"49":[2],"50":[2],"51":[2],"52":[2],"53":[8],"54":[2],"55":[2],"56":[2],"57":[2],"58":[2]},"fnMap":{"0":{"name":"_regeneratorRuntime","decl":{"start":{"line":2,"column":0},"end":{"line":2,"column":58}},"loc":{"start":{"line":2,"column":0},"end":{"line":2,"column":58}},"line":2},"1":{"name":"defineProperty","decl":{"start":{"line":2,"column":0},"end":{"line":2,"column":58}},"loc":{"start":{"line":2,"column":0},"end":{"line":2,"column":58}},"line":2},"2":{"name":"define","decl":{"start":{"line":2,"column":0},"end":{"line":2,"column":58}},"loc":{"start":{"line":2,"column":0},"end":{"line":2,"column":58}},"line":2},"3":{"name":"define","decl":{"start":{"line":2,"column":0},"end":{"line":2,"column":58}},"loc":{"start":{"line":2,"column":0},"end":{"line":2,"column":58}},"line":2},"4":{"name":"wrap","decl":{"start":{"line":2,"column":0},"end":{"line":2,"column":58}},"loc":{"start":{"line":2,"column":0},"end":{"line":2,"column":58}},"line":2},"5":{"name":"tryCatch","decl":{"start":{"line":2,"column":0},"end":{"line":2,"column":58}},"loc":{"start":{"line":2,"column":0},"end":{"line":2,"column":58}},"line":2},"6":{"name":"Generator","decl":{"start":{"line":2,"column":0},"end":{"line":2,"column":58}},"loc":{"start":{"line":2,"column":0},"end":{"line":2,"column":58}},"line":2},"7":{"name":"GeneratorFunction","decl":{"start":{"line":2,"column":0},"end":{"line":2,"column":58}},"loc":{"start":{"line":2,"column":0},"end":{"line":2,"column":58}},"line":2},"8":{"name":"GeneratorFunctionPrototype","decl":{"start":{"line":2,"column":0},"end":{"line":2,"column":58}},"loc":{"start":{"line":2,"column":0},"end":{"line":2,"column":58}},"line":2},"9":{"name":"defineIteratorMethods","decl":{"start":{"line":2,"column":0},"end":{"line":2,"column":58}},"loc":{"start":{"line":2,"column":0},"end":{"line":2,"column":58}},"line":2},"10":{"name":"AsyncIterator","decl":{"start":{"line":2,"column":0},"end":{"line":2,"column":58}},"loc":{"start":{"line":2,"column":0},"end":{"line":2,"column":58}},"line":2},"11":{"name":"makeInvokeMethod","decl":{"start":{"line":2,"column":0},"end":{"line":2,"column":58}},"loc":{"start":{"line":2,"column":0},"end":{"line":2,"column":58}},"line":2},"12":{"name":"maybeInvokeDelegate","decl":{"start":{"line":2,"column":0},"end":{"line":2,"column":58}},"loc":{"start":{"line":2,"column":0},"end":{"line":2,"column":58}},"line":2},"13":{"name":"pushTryEntry","decl":{"start":{"line":2,"column":0},"end":{"line":2,"column":58}},"loc":{"start":{"line":2,"column":0},"end":{"line":2,"column":58}},"line":2},"14":{"name":"resetTryEntry","decl":{"start":{"line":2,"column":0},"end":{"line":2,"column":58}},"loc":{"start":{"line":2,"column":0},"end":{"line":2,"column":58}},"line":2},"15":{"name":"Context","decl":{"start":{"line":2,"column":0},"end":{"line":2,"column":58}},"loc":{"start":{"line":2,"column":0},"end":{"line":2,"column":58}},"line":2},"16":{"name":"values","decl":{"start":{"line":2,"column":0},"end":{"line":2,"column":58}},"loc":{"start":{"line":2,"column":0},"end":{"line":2,"column":58}},"line":2},"17":{"name":"next","decl":{"start":{"line":2,"column":0},"end":{"line":2,"column":58}},"loc":{"start":{"line":2,"column":0},"end":{"line":2,"column":58}},"line":2},"18":{"name":"doneResult","decl":{"start":{"line":2,"column":0},"end":{"line":2,"column":58}},"loc":{"start":{"line":2,"column":0},"end":{"line":2,"column":58}},"line":2},"19":{"name":"exports.isGeneratorFunction","decl":{"start":{"line":2,"column":0},"end":{"line":2,"column":58}},"loc":{"start":{"line":2,"column":0},"end":{"line":2,"column":58}},"line":2},"20":{"name":"exports.mark","decl":{"start":{"line":2,"column":0},"end":{"line":2,"column":58}},"loc":{"start":{"line":2,"column":0},"end":{"line":2,"column":58}},"line":2},"21":{"name":"exports.awrap","decl":{"start":{"line":2,"column":0},"end":{"line":2,"column":58}},"loc":{"start":{"line":2,"column":0},"end":{"line":2,"column":58}},"line":2},"22":{"name":"exports.async","decl":{"start":{"line":2,"column":0},"end":{"line":2,"column":58}},"loc":{"start":{"line":2,"column":0},"end":{"line":2,"column":58}},"line":2},"23":{"name":"exports.keys","decl":{"start":{"line":2,"column":0},"end":{"line":2,"column":58}},"loc":{"start":{"line":2,"column":0},"end":{"line":2,"column":58}},"line":2},"24":{"name":"reset","decl":{"start":{"line":2,"column":0},"end":{"line":2,"column":58}},"loc":{"start":{"line":2,"column":0},"end":{"line":2,"column":58}},"line":2},"25":{"name":"stop","decl":{"start":{"line":2,"column":0},"end":{"line":2,"column":58}},"loc":{"start":{"line":2,"column":0},"end":{"line":2,"column":58}},"line":2},"26":{"name":"dispatchException","decl":{"start":{"line":2,"column":0},"end":{"line":2,"column":58}},"loc":{"start":{"line":2,"column":0},"end":{"line":2,"column":58}},"line":2},"27":{"name":"abrupt","decl":{"start":{"line":2,"column":0},"end":{"line":2,"column":58}},"loc":{"start":{"line":2,"column":0},"end":{"line":2,"column":58}},"line":2},"28":{"name":"complete","decl":{"start":{"line":2,"column":0},"end":{"line":2,"column":58}},"loc":{"start":{"line":2,"column":0},"end":{"line":2,"column":58}},"line":2},"29":{"name":"finish","decl":{"start":{"line":2,"column":0},"end":{"line":2,"column":58}},"loc":{"start":{"line":2,"column":0},"end":{"line":2,"column":58}},"line":2},"30":{"name":"_catch","decl":{"start":{"line":2,"column":0},"end":{"line":2,"column":58}},"loc":{"start":{"line":2,"column":0},"end":{"line":2,"column":58}},"line":2},"31":{"name":"delegateYield","decl":{"start":{"line":2,"column":0},"end":{"line":2,"column":58}},"loc":{"start":{"line":2,"column":0},"end":{"line":2,"column":58}},"line":2},"32":{"name":"asyncGeneratorStep","decl":{"start":{"line":2,"column":0},"end":{"line":2,"column":58}},"loc":{"start":{"line":2,"column":0},"end":{"line":2,"column":58}},"line":2},"33":{"name":"_asyncToGenerator","decl":{"start":{"line":2,"column":0},"end":{"line":2,"column":58}},"loc":{"start":{"line":2,"column":0},"end":{"line":2,"column":58}},"line":2},"34":{"name":"_next","decl":{"start":{"line":2,"column":0},"end":{"line":2,"column":58}},"loc":{"start":{"line":2,"column":0},"end":{"line":2,"column":58}},"line":2},"35":{"name":"_throw","decl":{"start":{"line":2,"column":0},"end":{"line":2,"column":58}},"loc":{"start":{"line":2,"column":0},"end":{"line":2,"column":58}},"line":2},"36":{"name":"_callee","decl":{"start":{"line":6,"column":31},"end":{"line":13,"column":5}},"loc":{"start":{"line":6,"column":31},"end":{"line":13,"column":5}},"line":6},"37":{"name":"_callee$","decl":{"start":{"line":6,"column":31},"end":{"line":13,"column":5}},"loc":{"start":{"line":6,"column":31},"end":{"line":13,"column":5}},"line":6},"38":{"name":"_callee2","decl":{"start":{"line":16,"column":29},"end":{"line":19,"column":21}},"loc":{"start":{"line":16,"column":29},"end":{"line":19,"column":21}},"line":16},"39":{"name":"_callee2$","decl":{"start":{"line":16,"column":29},"end":{"line":19,"column":21}},"loc":{"start":{"line":16,"column":29},"end":{"line":19,"column":21}},"line":16}},"f":{"0":6,"1":0,"2":26,"3":0,"4":4,"5":14,"6":0,"7":0,"8":0,"9":4,"10":0,"11":4,"12":0,"13":0,"14":4,"15":4,"16":2,"17":0,"18":0,"19":0,"20":4,"21":0,"22":0,"23":0,"24":4,"25":4,"26":0,"27":0,"28":0,"29":0,"30":0,"31":0,"32":14,"33":4,"34":14,"35":0,"36":2,"37":6,"38":2,"39":8}}
,"/Users/ghulamabbas/Documents/Udemy Courses/Unit Testing/Lecture Files/jobs-api-unit-testing/controllers/authController.js": {"path":"/Users/ghulamabbas/Documents/Udemy Courses/Unit Testing/Lecture Files/jobs-api-unit-testing/controllers/authController.js","all":false,"statementMap":{"0":{"start":{"line":1,"column":0},"end":{"line":1,"column":38}},"1":{"start":{"line":2,"column":0},"end":{"line":2,"column":61}},"2":{"start":{"line":3,"column":0},"end":{"line":3,"column":30}},"3":{"start":{"line":4,"column":0},"end":{"line":4,"column":50}},"4":{"start":{"line":5,"column":0},"end":{"line":5,"column":0}},"5":{"start":{"line":6,"column":0},"end":{"line":6,"column":46}},"6":{"start":{"line":7,"column":0},"end":{"line":7,"column":49}},"7":{"start":{"line":8,"column":0},"end":{"line":8,"column":7}},"8":{"start":{"line":9,"column":0},"end":{"line":9,"column":45}},"9":{"start":{"line":10,"column":0},"end":{"line":10,"column":0}},"10":{"start":{"line":11,"column":0},"end":{"line":11,"column":39}},"11":{"start":{"line":12,"column":0},"end":{"line":12,"column":35}},"12":{"start":{"line":13,"column":0},"end":{"line":13,"column":41}},"13":{"start":{"line":14,"column":0},"end":{"line":14,"column":9}},"14":{"start":{"line":15,"column":0},"end":{"line":15,"column":5}},"15":{"start":{"line":16,"column":0},"end":{"line":16,"column":0}},"16":{"start":{"line":17,"column":0},"end":{"line":17,"column":47}},"17":{"start":{"line":18,"column":0},"end":{"line":18,"column":0}},"18":{"start":{"line":19,"column":0},"end":{"line":19,"column":36}},"19":{"start":{"line":20,"column":0},"end":{"line":20,"column":11}},"20":{"start":{"line":21,"column":0},"end":{"line":21,"column":12}},"21":{"start":{"line":22,"column":0},"end":{"line":22,"column":15}},"22":{"start":{"line":23,"column":0},"end":{"line":23,"column":7}},"23":{"start":{"line":24,"column":0},"end":{"line":24,"column":0}},"24":{"start":{"line":25,"column":0},"end":{"line":25,"column":46}},"25":{"start":{"line":26,"column":0},"end":{"line":26,"column":0}},"26":{"start":{"line":27,"column":0},"end":{"line":27,"column":26}},"27":{"start":{"line":28,"column":0},"end":{"line":28,"column":12}},"28":{"start":{"line":29,"column":0},"end":{"line":29,"column":7}},"29":{"start":{"line":30,"column":0},"end":{"line":30,"column":19}},"30":{"start":{"line":31,"column":0},"end":{"line":31,"column":31}},"31":{"start":{"line":32,"column":0},"end":{"line":32,"column":28}},"32":{"start":{"line":33,"column":0},"end":{"line":33,"column":33}},"33":{"start":{"line":34,"column":0},"end":{"line":34,"column":9}},"34":{"start":{"line":35,"column":0},"end":{"line":35,"column":5}},"35":{"start":{"line":36,"column":0},"end":{"line":36,"column":3}},"36":{"start":{"line":37,"column":0},"end":{"line":37,"column":2}},"37":{"start":{"line":38,"column":0},"end":{"line":38,"column":0}},"38":{"start":{"line":39,"column":0},"end":{"line":39,"column":32}},"39":{"start":{"line":40,"column":0},"end":{"line":40,"column":52}},"40":{"start":{"line":41,"column":0},"end":{"line":41,"column":7}},"41":{"start":{"line":42,"column":0},"end":{"line":42,"column":41}},"42":{"start":{"line":43,"column":0},"end":{"line":43,"column":0}},"43":{"start":{"line":44,"column":0},"end":{"line":44,"column":53}},"44":{"start":{"line":45,"column":0},"end":{"line":45,"column":30}},"45":{"start":{"line":46,"column":0},"end":{"line":46,"column":35}},"46":{"start":{"line":47,"column":0},"end":{"line":47,"column":47}},"47":{"start":{"line":48,"column":0},"end":{"line":48,"column":9}},"48":{"start":{"line":49,"column":0},"end":{"line":49,"column":5}},"49":{"start":{"line":50,"column":0},"end":{"line":50,"column":0}},"50":{"start":{"line":51,"column":0},"end":{"line":51,"column":31}},"51":{"start":{"line":52,"column":0},"end":{"line":52,"column":67}},"52":{"start":{"line":53,"column":0},"end":{"line":53,"column":0}},"53":{"start":{"line":54,"column":0},"end":{"line":54,"column":16}},"54":{"start":{"line":55,"column":0},"end":{"line":55,"column":35}},"55":{"start":{"line":56,"column":0},"end":{"line":56,"column":43}},"56":{"start":{"line":57,"column":0},"end":{"line":57,"column":9}},"57":{"start":{"line":58,"column":0},"end":{"line":58,"column":5}},"58":{"start":{"line":59,"column":0},"end":{"line":59,"column":0}},"59":{"start":{"line":60,"column":0},"end":{"line":60,"column":35}},"60":{"start":{"line":61,"column":0},"end":{"line":61,"column":76}},"61":{"start":{"line":62,"column":0},"end":{"line":62,"column":0}},"62":{"start":{"line":63,"column":0},"end":{"line":63,"column":29}},"63":{"start":{"line":64,"column":0},"end":{"line":64,"column":35}},"64":{"start":{"line":65,"column":0},"end":{"line":65,"column":43}},"65":{"start":{"line":66,"column":0},"end":{"line":66,"column":9}},"66":{"start":{"line":67,"column":0},"end":{"line":67,"column":5}},"67":{"start":{"line":68,"column":0},"end":{"line":68,"column":0}},"68":{"start":{"line":69,"column":0},"end":{"line":69,"column":46}},"69":{"start":{"line":70,"column":0},"end":{"line":70,"column":0}},"70":{"start":{"line":71,"column":0},"end":{"line":71,"column":26}},"71":{"start":{"line":72,"column":0},"end":{"line":72,"column":12}},"72":{"start":{"line":73,"column":0},"end":{"line":73,"column":7}},"73":{"start":{"line":74,"column":0},"end":{"line":74,"column":19}},"74":{"start":{"line":75,"column":0},"end":{"line":75,"column":26}},"75":{"start":{"line":76,"column":0},"end":{"line":76,"column":37}},"76":{"start":{"line":77,"column":0},"end":{"line":77,"column":7}},"77":{"start":{"line":78,"column":0},"end":{"line":78,"column":3}},"78":{"start":{"line":79,"column":0},"end":{"line":79,"column":2}},"79":{"start":{"line":80,"column":0},"end":{"line":80,"column":0}},"80":{"start":{"line":81,"column":0},"end":{"line":81,"column":48}},"81":{"start":{"line":82,"column":0},"end":{"line":82,"column":36}},"82":{"start":{"line":83,"column":0},"end":{"line":83,"column":31}},"83":{"start":{"line":84,"column":0},"end":{"line":84,"column":59}},"84":{"start":{"line":85,"column":0},"end":{"line":85,"column":0}},"85":{"start":{"line":86,"column":0},"end":{"line":86,"column":24}},"86":{"start":{"line":87,"column":0},"end":{"line":87,"column":19}},"87":{"start":{"line":88,"column":0},"end":{"line":88,"column":5}},"88":{"start":{"line":89,"column":0},"end":{"line":89,"column":2}},"89":{"start":{"line":90,"column":0},"end":{"line":90,"column":0}},"90":{"start":{"line":91,"column":0},"end":{"line":91,"column":52}},"91":{"start":{"line":92,"column":0},"end":{"line":92,"column":36}},"92":{"start":{"line":93,"column":0},"end":{"line":93,"column":28}},"93":{"start":{"line":94,"column":0},"end":{"line":94,"column":30}},"94":{"start":{"line":95,"column":0},"end":{"line":95,"column":36}},"95":{"start":{"line":96,"column":0},"end":{"line":96,"column":5}},"96":{"start":{"line":97,"column":0},"end":{"line":97,"column":0}},"97":{"start":{"line":98,"column":0},"end":{"line":98,"column":24}},"98":{"start":{"line":99,"column":0},"end":{"line":99,"column":18}},"99":{"start":{"line":100,"column":0},"end":{"line":100,"column":13}},"100":{"start":{"line":101,"column":0},"end":{"line":101,"column":5}},"101":{"start":{"line":102,"column":0},"end":{"line":102,"column":2}},"102":{"start":{"line":103,"column":0},"end":{"line":103,"column":0}},"103":{"start":{"line":104,"column":0},"end":{"line":104,"column":41}},"104":{"start":{"line":105,"column":0},"end":{"line":105,"column":24}},"105":{"start":{"line":106,"column":0},"end":{"line":106,"column":18}},"106":{"start":{"line":107,"column":0},"end":{"line":107,"column":5}},"107":{"start":{"line":108,"column":0},"end":{"line":108,"column":2}}},"s":{"0":1,"1":2,"2":1,"3":1,"4":1,"5":1,"6":1,"7":7,"8":7,"9":7,"10":7,"11":2,"12":2,"13":2,"14":5,"15":5,"16":5,"17":5,"18":5,"19":5,"20":5,"21":5,"22":5,"23":3,"24":3,"25":3,"26":3,"27":3,"28":3,"29":2,"30":2,"31":2,"32":2,"33":2,"34":2,"35":1,"36":1,"37":1,"38":1,"39":1,"40":7,"41":7,"42":7,"43":7,"44":7,"45":2,"46":2,"47":2,"48":5,"49":5,"50":5,"51":5,"52":5,"53":5,"54":1,"55":1,"56":1,"57":4,"58":4,"59":4,"60":4,"61":4,"62":4,"63":2,"64":2,"65":2,"66":2,"67":2,"68":2,"69":2,"70":2,"71":2,"72":2,"73":0,"74":0,"75":0,"76":0,"77":1,"78":1,"79":1,"80":1,"81":0,"82":0,"83":0,"84":0,"85":0,"86":0,"87":0,"88":1,"89":1,"90":1,"91":0,"92":0,"93":0,"94":0,"95":0,"96":0,"97":0,"98":0,"99":0,"100":0,"101":1,"102":1,"103":1,"104":0,"105":0,"106":0,"107":1},"branchMap":{"0":{"type":"branch","line":2,"loc":{"start":{"line":2,"column":0},"end":{"line":2,"column":61}},"locations":[{"start":{"line":2,"column":0},"end":{"line":2,"column":61}}]},"1":{"type":"branch","line":2,"loc":{"start":{"line":2,"column":0},"end":{"line":2,"column":61}},"locations":[{"start":{"line":2,"column":0},"end":{"line":2,"column":61}}]},"2":{"type":"branch","line":2,"loc":{"start":{"line":2,"column":0},"end":{"line":2,"column":61}},"locations":[{"start":{"line":2,"column":0},"end":{"line":2,"column":61}}]},"3":{"type":"branch","line":2,"loc":{"start":{"line":2,"column":0},"end":{"line":2,"column":61}},"locations":[{"start":{"line":2,"column":0},"end":{"line":2,"column":61}}]},"4":{"type":"branch","line":2,"loc":{"start":{"line":2,"column":0},"end":{"line":2,"column":61}},"locations":[{"start":{"line":2,"column":0},"end":{"line":2,"column":61}}]},"5":{"type":"branch","line":2,"loc":{"start":{"line":2,"column":0},"end":{"line":2,"column":61}},"locations":[{"start":{"line":2,"column":0},"end":{"line":2,"column":61}}]},"6":{"type":"branch","line":2,"loc":{"start":{"line":2,"column":0},"end":{"line":2,"column":61}},"locations":[{"start":{"line":2,"column":0},"end":{"line":2,"column":61}}]},"7":{"type":"branch","line":2,"loc":{"start":{"line":2,"column":0},"end":{"line":2,"column":61}},"locations":[{"start":{"line":2,"column":0},"end":{"line":2,"column":61}}]},"8":{"type":"branch","line":2,"loc":{"start":{"line":2,"column":0},"end":{"line":2,"column":61}},"locations":[{"start":{"line":2,"column":0},"end":{"line":2,"column":61}}]},"9":{"type":"branch","line":7,"loc":{"start":{"line":7,"column":25},"end":{"line":7,"column":28}},"locations":[{"start":{"line":7,"column":25},"end":{"line":7,"column":28}}]},"10":{"type":"branch","line":7,"loc":{"start":{"line":7,"column":28},"end":{"line":35,"column":5}},"locations":[{"start":{"line":7,"column":28},"end":{"line":35,"column":5}}]},"11":{"type":"branch","line":7,"loc":{"start":{"line":7,"column":43},"end":{"line":35,"column":5}},"locations":[{"start":{"line":7,"column":43},"end":{"line":35,"column":5}}]},"12":{"type":"branch","line":7,"loc":{"start":{"line":7,"column":43},"end":{"line":35,"column":5}},"locations":[{"start":{"line":7,"column":43},"end":{"line":35,"column":5}}]},"13":{"type":"branch","line":7,"loc":{"start":{"line":7,"column":43},"end":{"line":14,"column":9}},"locations":[{"start":{"line":7,"column":43},"end":{"line":14,"column":9}}]},"14":{"type":"branch","line":11,"loc":{"start":{"line":11,"column":13},"end":{"line":11,"column":23}},"locations":[{"start":{"line":11,"column":13},"end":{"line":11,"column":23}}]},"15":{"type":"branch","line":11,"loc":{"start":{"line":11,"column":23},"end":{"line":11,"column":36}},"locations":[{"start":{"line":11,"column":23},"end":{"line":11,"column":36}}]},"16":{"type":"branch","line":11,"loc":{"start":{"line":11,"column":36},"end":{"line":11,"column":39}},"locations":[{"start":{"line":11,"column":36},"end":{"line":11,"column":39}}]},"17":{"type":"branch","line":11,"loc":{"start":{"line":11,"column":36},"end":{"line":14,"column":9}},"locations":[{"start":{"line":11,"column":36},"end":{"line":14,"column":9}}]},"18":{"type":"branch","line":14,"loc":{"start":{"line":14,"column":8},"end":{"line":17,"column":47}},"locations":[{"start":{"line":14,"column":8},"end":{"line":17,"column":47}}]},"19":{"type":"branch","line":17,"loc":{"start":{"line":17,"column":46},"end":{"line":23,"column":7}},"locations":[{"start":{"line":17,"column":46},"end":{"line":23,"column":7}}]},"20":{"type":"branch","line":23,"loc":{"start":{"line":23,"column":6},"end":{"line":25,"column":46}},"locations":[{"start":{"line":23,"column":6},"end":{"line":25,"column":46}}]},"21":{"type":"branch","line":25,"loc":{"start":{"line":25,"column":40},"end":{"line":25,"column":42}},"locations":[{"start":{"line":25,"column":40},"end":{"line":25,"column":42}}]},"22":{"type":"branch","line":25,"loc":{"start":{"line":25,"column":45},"end":{"line":29,"column":7}},"locations":[{"start":{"line":25,"column":45},"end":{"line":29,"column":7}}]},"23":{"type":"branch","line":30,"loc":{"start":{"line":30,"column":-1},"end":{"line":35,"column":5}},"locations":[{"start":{"line":30,"column":-1},"end":{"line":35,"column":5}}]},"24":{"type":"branch","line":40,"loc":{"start":{"line":40,"column":22},"end":{"line":40,"column":25}},"locations":[{"start":{"line":40,"column":22},"end":{"line":40,"column":25}}]},"25":{"type":"branch","line":40,"loc":{"start":{"line":40,"column":25},"end":{"line":77,"column":7}},"locations":[{"start":{"line":40,"column":25},"end":{"line":77,"column":7}}]},"26":{"type":"branch","line":40,"loc":{"start":{"line":40,"column":46},"end":{"line":77,"column":7}},"locations":[{"start":{"line":40,"column":46},"end":{"line":77,"column":7}}]},"27":{"type":"branch","line":40,"loc":{"start":{"line":40,"column":46},"end":{"line":77,"column":7}},"locations":[{"start":{"line":40,"column":46},"end":{"line":77,"column":7}}]},"28":{"type":"branch","line":40,"loc":{"start":{"line":40,"column":46},"end":{"line":48,"column":9}},"locations":[{"start":{"line":40,"column":46},"end":{"line":48,"column":9}}]},"29":{"type":"branch","line":45,"loc":{"start":{"line":45,"column":14},"end":{"line":45,"column":27}},"locations":[{"start":{"line":45,"column":14},"end":{"line":45,"column":27}}]},"30":{"type":"branch","line":45,"loc":{"start":{"line":45,"column":27},"end":{"line":45,"column":30}},"locations":[{"start":{"line":45,"column":27},"end":{"line":45,"column":30}}]},"31":{"type":"branch","line":45,"loc":{"start":{"line":45,"column":27},"end":{"line":48,"column":9}},"locations":[{"start":{"line":45,"column":27},"end":{"line":48,"column":9}}]},"32":{"type":"branch","line":48,"loc":{"start":{"line":48,"column":8},"end":{"line":52,"column":67}},"locations":[{"start":{"line":48,"column":8},"end":{"line":52,"column":67}}]},"33":{"type":"branch","line":52,"loc":{"start":{"line":52,"column":66},"end":{"line":57,"column":9}},"locations":[{"start":{"line":52,"column":66},"end":{"line":57,"column":9}}]},"34":{"type":"branch","line":54,"loc":{"start":{"line":54,"column":13},"end":{"line":54,"column":16}},"locations":[{"start":{"line":54,"column":13},"end":{"line":54,"column":16}}]},"35":{"type":"branch","line":54,"loc":{"start":{"line":54,"column":13},"end":{"line":57,"column":9}},"locations":[{"start":{"line":54,"column":13},"end":{"line":57,"column":9}}]},"36":{"type":"branch","line":57,"loc":{"start":{"line":57,"column":8},"end":{"line":61,"column":76}},"locations":[{"start":{"line":57,"column":8},"end":{"line":61,"column":76}}]},"37":{"type":"branch","line":61,"loc":{"start":{"line":61,"column":75},"end":{"line":66,"column":9}},"locations":[{"start":{"line":61,"column":75},"end":{"line":66,"column":9}}]},"38":{"type":"branch","line":63,"loc":{"start":{"line":63,"column":26},"end":{"line":66,"column":9}},"locations":[{"start":{"line":63,"column":26},"end":{"line":66,"column":9}}]},"39":{"type":"branch","line":66,"loc":{"start":{"line":66,"column":8},"end":{"line":69,"column":46}},"locations":[{"start":{"line":66,"column":8},"end":{"line":69,"column":46}}]},"40":{"type":"branch","line":69,"loc":{"start":{"line":69,"column":40},"end":{"line":69,"column":42}},"locations":[{"start":{"line":69,"column":40},"end":{"line":69,"column":42}}]},"41":{"type":"branch","line":69,"loc":{"start":{"line":69,"column":45},"end":{"line":73,"column":7}},"locations":[{"start":{"line":69,"column":45},"end":{"line":73,"column":7}}]},"42":{"type":"branch","line":74,"loc":{"start":{"line":74,"column":-1},"end":{"line":77,"column":7}},"locations":[{"start":{"line":74,"column":-1},"end":{"line":77,"column":7}}]},"43":{"type":"branch","line":81,"loc":{"start":{"line":81,"column":24},"end":{"line":81,"column":27}},"locations":[{"start":{"line":81,"column":24},"end":{"line":81,"column":27}}]},"44":{"type":"branch","line":91,"loc":{"start":{"line":91,"column":28},"end":{"line":91,"column":31}},"locations":[{"start":{"line":91,"column":28},"end":{"line":91,"column":31}}]},"45":{"type":"branch","line":104,"loc":{"start":{"line":104,"column":17},"end":{"line":104,"column":20}},"locations":[{"start":{"line":104,"column":17},"end":{"line":104,"column":20}}]}},"b":{"0":[38],"1":[0],"2":[14],"3":[24],"4":[15],"5":[14],"6":[14],"7":[36],"8":[2],"9":[3],"10":[7],"11":[22],"12":[30],"13":[7],"14":[6],"15":[6],"16":[5],"17":[2],"18":[5],"19":[5],"20":[3],"21":[0],"22":[3],"23":[2],"24":[3],"25":[7],"26":[23],"27":[36],"28":[7],"29":[6],"30":[5],"31":[2],"32":[5],"33":[5],"34":[4],"35":[1],"36":[4],"37":[4],"38":[2],"39":[2],"40":[0],"41":[2],"42":[0],"43":[3],"44":[3],"45":[3]},"fnMap":{"0":{"name":"asyncGeneratorStep","decl":{"start":{"line":2,"column":0},"end":{"line":2,"column":61}},"loc":{"start":{"line":2,"column":0},"end":{"line":2,"column":61}},"line":2},"1":{"name":"_asyncToGenerator","decl":{"start":{"line":2,"column":0},"end":{"line":2,"column":61}},"loc":{"start":{"line":2,"column":0},"end":{"line":2,"column":61}},"line":2},"2":{"name":"_next","decl":{"start":{"line":2,"column":0},"end":{"line":2,"column":61}},"loc":{"start":{"line":2,"column":0},"end":{"line":2,"column":61}},"line":2},"3":{"name":"_throw","decl":{"start":{"line":2,"column":0},"end":{"line":2,"column":61}},"loc":{"start":{"line":2,"column":0},"end":{"line":2,"column":61}},"line":2},"4":{"name":"_callee","decl":{"start":{"line":7,"column":28},"end":{"line":35,"column":5}},"loc":{"start":{"line":7,"column":28},"end":{"line":35,"column":5}},"line":7},"5":{"name":"_callee$","decl":{"start":{"line":7,"column":43},"end":{"line":35,"column":5}},"loc":{"start":{"line":7,"column":43},"end":{"line":35,"column":5}},"line":7},"6":{"name":"_callee2","decl":{"start":{"line":40,"column":25},"end":{"line":77,"column":7}},"loc":{"start":{"line":40,"column":25},"end":{"line":77,"column":7}},"line":40},"7":{"name":"_callee2$","decl":{"start":{"line":40,"column":46},"end":{"line":77,"column":7}},"loc":{"start":{"line":40,"column":46},"end":{"line":77,"column":7}},"line":40},"8":{"name":"_callee3","decl":{"start":{"line":81,"column":27},"end":{"line":88,"column":5}},"loc":{"start":{"line":81,"column":27},"end":{"line":88,"column":5}},"line":81},"9":{"name":"_callee4","decl":{"start":{"line":91,"column":31},"end":{"line":101,"column":5}},"loc":{"start":{"line":91,"column":31},"end":{"line":101,"column":5}},"line":91},"10":{"name":"_callee5","decl":{"start":{"line":104,"column":20},"end":{"line":107,"column":5}},"loc":{"start":{"line":104,"column":20},"end":{"line":107,"column":5}},"line":104}},"f":{"0":38,"1":15,"2":36,"3":2,"4":7,"5":22,"6":7,"7":23,"8":0,"9":0,"10":0}}
,"/Users/ghulamabbas/Documents/Udemy Courses/Unit Testing/Lecture Files/jobs-api-unit-testing/controllers/jobsController.js": {"path":"/Users/ghulamabbas/Documents/Udemy Courses/Unit Testing/Lecture Files/jobs-api-unit-testing/controllers/jobsController.js","all":false,"statementMap":{"0":{"start":{"line":1,"column":0},"end":{"line":1,"column":36}},"1":{"start":{"line":2,"column":0},"end":{"line":2,"column":0}},"2":{"start":{"line":3,"column":0},"end":{"line":3,"column":33}},"3":{"start":{"line":4,"column":0},"end":{"line":4,"column":44}},"4":{"start":{"line":5,"column":0},"end":{"line":5,"column":23}},"5":{"start":{"line":6,"column":0},"end":{"line":6,"column":50}},"6":{"start":{"line":7,"column":0},"end":{"line":7,"column":46}},"7":{"start":{"line":8,"column":0},"end":{"line":8,"column":0}},"8":{"start":{"line":9,"column":0},"end":{"line":9,"column":35}},"9":{"start":{"line":10,"column":0},"end":{"line":10,"column":7}},"10":{"start":{"line":11,"column":0},"end":{"line":11,"column":16}},"11":{"start":{"line":12,"column":0},"end":{"line":12,"column":36}},"12":{"start":{"line":13,"column":0},"end":{"line":13,"column":24}},"13":{"start":{"line":14,"column":0},"end":{"line":14,"column":10}},"14":{"start":{"line":15,"column":0},"end":{"line":15,"column":7}},"15":{"start":{"line":16,"column":0},"end":{"line":16,"column":9}},"16":{"start":{"line":17,"column":0},"end":{"line":17,"column":0}},"17":{"start":{"line":18,"column":0},"end":{"line":18,"column":45}},"18":{"start":{"line":19,"column":0},"end":{"line":19,"column":22}},"19":{"start":{"line":20,"column":0},"end":{"line":20,"column":16}},"20":{"start":{"line":21,"column":0},"end":{"line":21,"column":0}},"21":{"start":{"line":22,"column":0},"end":{"line":22,"column":24}},"22":{"start":{"line":23,"column":0},"end":{"line":23,"column":9}},"23":{"start":{"line":24,"column":0},"end":{"line":24,"column":5}},"24":{"start":{"line":25,"column":0},"end":{"line":25,"column":2}},"25":{"start":{"line":26,"column":0},"end":{"line":26,"column":0}},"26":{"start":{"line":27,"column":0},"end":{"line":27,"column":41}},"27":{"start":{"line":28,"column":0},"end":{"line":28,"column":43}},"28":{"start":{"line":29,"column":0},"end":{"line":29,"column":7}},"29":{"start":{"line":30,"column":0},"end":{"line":30,"column":26}},"30":{"start":{"line":31,"column":0},"end":{"line":31,"column":32}},"31":{"start":{"line":32,"column":0},"end":{"line":32,"column":0}},"32":{"start":{"line":33,"column":0},"end":{"line":33,"column":43}},"33":{"start":{"line":34,"column":0},"end":{"line":34,"column":0}},"34":{"start":{"line":35,"column":0},"end":{"line":35,"column":26}},"35":{"start":{"line":36,"column":0},"end":{"line":36,"column":10}},"36":{"start":{"line":37,"column":0},"end":{"line":37,"column":7}},"37":{"start":{"line":38,"column":0},"end":{"line":38,"column":19}},"38":{"start":{"line":39,"column":0},"end":{"line":39,"column":43}},"39":{"start":{"line":40,"column":0},"end":{"line":40,"column":28}},"40":{"start":{"line":41,"column":0},"end":{"line":41,"column":41}},"41":{"start":{"line":42,"column":0},"end":{"line":42,"column":9}},"42":{"start":{"line":43,"column":0},"end":{"line":43,"column":5}},"43":{"start":{"line":44,"column":0},"end":{"line":44,"column":3}},"44":{"start":{"line":45,"column":0},"end":{"line":45,"column":2}},"45":{"start":{"line":46,"column":0},"end":{"line":46,"column":0}},"46":{"start":{"line":47,"column":0},"end":{"line":47,"column":58}},"47":{"start":{"line":48,"column":0},"end":{"line":48,"column":43}},"48":{"start":{"line":49,"column":0},"end":{"line":49,"column":7}},"49":{"start":{"line":50,"column":0},"end":{"line":50,"column":50}},"50":{"start":{"line":51,"column":0},"end":{"line":51,"column":0}},"51":{"start":{"line":52,"column":0},"end":{"line":52,"column":15}},"52":{"start":{"line":53,"column":0},"end":{"line":53,"column":35}},"53":{"start":{"line":54,"column":0},"end":{"line":54,"column":31}},"54":{"start":{"line":55,"column":0},"end":{"line":55,"column":9}},"55":{"start":{"line":56,"column":0},"end":{"line":56,"column":5}},"56":{"start":{"line":57,"column":0},"end":{"line":57,"column":0}},"57":{"start":{"line":58,"column":0},"end":{"line":58,"column":26}},"58":{"start":{"line":59,"column":0},"end":{"line":59,"column":10}},"59":{"start":{"line":60,"column":0},"end":{"line":60,"column":7}},"60":{"start":{"line":61,"column":0},"end":{"line":61,"column":19}},"61":{"start":{"line":62,"column":0},"end":{"line":62,"column":37}},"62":{"start":{"line":63,"column":0},"end":{"line":63,"column":28}},"63":{"start":{"line":64,"column":0},"end":{"line":64,"column":41}},"64":{"start":{"line":65,"column":0},"end":{"line":65,"column":9}},"65":{"start":{"line":66,"column":0},"end":{"line":66,"column":5}},"66":{"start":{"line":67,"column":0},"end":{"line":67,"column":3}},"67":{"start":{"line":68,"column":0},"end":{"line":68,"column":2}},"68":{"start":{"line":69,"column":0},"end":{"line":69,"column":0}},"69":{"start":{"line":70,"column":0},"end":{"line":70,"column":36}},"70":{"start":{"line":71,"column":0},"end":{"line":71,"column":46}},"71":{"start":{"line":72,"column":0},"end":{"line":72,"column":46}},"72":{"start":{"line":73,"column":0},"end":{"line":73,"column":0}},"73":{"start":{"line":74,"column":0},"end":{"line":74,"column":13}},"74":{"start":{"line":75,"column":0},"end":{"line":75,"column":33}},"75":{"start":{"line":76,"column":0},"end":{"line":76,"column":29}},"76":{"start":{"line":77,"column":0},"end":{"line":77,"column":7}},"77":{"start":{"line":78,"column":0},"end":{"line":78,"column":3}},"78":{"start":{"line":79,"column":0},"end":{"line":79,"column":0}},"79":{"start":{"line":80,"column":0},"end":{"line":80,"column":31}},"80":{"start":{"line":81,"column":0},"end":{"line":81,"column":44}},"81":{"start":{"line":82,"column":0},"end":{"line":82,"column":33}},"82":{"start":{"line":83,"column":0},"end":{"line":83,"column":54}},"83":{"start":{"line":84,"column":0},"end":{"line":84,"column":7}},"84":{"start":{"line":85,"column":0},"end":{"line":85,"column":3}},"85":{"start":{"line":86,"column":0},"end":{"line":86,"column":0}},"86":{"start":{"line":87,"column":0},"end":{"line":87,"column":76}},"87":{"start":{"line":88,"column":0},"end":{"line":88,"column":0}},"88":{"start":{"line":89,"column":0},"end":{"line":89,"column":24}},"89":{"start":{"line":90,"column":0},"end":{"line":90,"column":8}},"90":{"start":{"line":91,"column":0},"end":{"line":91,"column":5}},"91":{"start":{"line":92,"column":0},"end":{"line":92,"column":2}},"92":{"start":{"line":93,"column":0},"end":{"line":93,"column":0}},"93":{"start":{"line":94,"column":0},"end":{"line":94,"column":37}},"94":{"start":{"line":95,"column":0},"end":{"line":95,"column":46}},"95":{"start":{"line":96,"column":0},"end":{"line":96,"column":46}},"96":{"start":{"line":97,"column":0},"end":{"line":97,"column":0}},"97":{"start":{"line":98,"column":0},"end":{"line":98,"column":13}},"98":{"start":{"line":99,"column":0},"end":{"line":99,"column":33}},"99":{"start":{"line":100,"column":0},"end":{"line":100,"column":29}},"100":{"start":{"line":101,"column":0},"end":{"line":101,"column":7}},"101":{"start":{"line":102,"column":0},"end":{"line":102,"column":3}},"102":{"start":{"line":103,"column":0},"end":{"line":103,"column":0}},"103":{"start":{"line":104,"column":0},"end":{"line":104,"column":51}},"104":{"start":{"line":105,"column":0},"end":{"line":105,"column":0}},"105":{"start":{"line":106,"column":0},"end":{"line":106,"column":24}},"106":{"start":{"line":107,"column":0},"end":{"line":107,"column":8}},"107":{"start":{"line":108,"column":0},"end":{"line":108,"column":5}},"108":{"start":{"line":109,"column":0},"end":{"line":109,"column":2}}},"s":{"0":1,"1":3,"2":1,"3":1,"4":2,"5":2,"6":2,"7":2,"8":2,"9":0,"10":0,"11":0,"12":0,"13":0,"14":0,"15":2,"16":2,"17":2,"18":2,"19":2,"20":2,"21":2,"22":2,"23":2,"24":1,"25":1,"26":1,"27":1,"28":4,"29":4,"30":4,"31":4,"32":4,"33":2,"34":2,"35":2,"36":2,"37":2,"38":2,"39":2,"40":2,"41":2,"42":2,"43":1,"44":1,"45":1,"46":1,"47":1,"48":6,"49":6,"50":4,"51":4,"52":2,"53":2,"54":2,"55":2,"56":2,"57":2,"58":2,"59":2,"60":2,"61":2,"62":2,"63":2,"64":2,"65":2,"66":1,"67":1,"68":1,"69":1,"70":1,"71":5,"72":5,"73":5,"74":2,"75":2,"76":2,"77":3,"78":3,"79":3,"80":3,"81":1,"82":1,"83":1,"84":2,"85":2,"86":2,"87":2,"88":2,"89":2,"90":2,"91":1,"92":1,"93":1,"94":1,"95":4,"96":4,"97":4,"98":2,"99":2,"100":2,"101":2,"102":2,"103":2,"104":2,"105":2,"106":2,"107":2,"108":1},"branchMap":{"0":{"type":"branch","line":2,"loc":{"start":{"line":2,"column":-1},"end":{"line":2,"column":0}},"locations":[{"start":{"line":2,"column":-1},"end":{"line":2,"column":0}}]},"1":{"type":"branch","line":4,"loc":{"start":{"line":4,"column":20},"end":{"line":4,"column":23}},"locations":[{"start":{"line":4,"column":20},"end":{"line":4,"column":23}}]},"2":{"type":"branch","line":4,"loc":{"start":{"line":4,"column":23},"end":{"line":24,"column":5}},"locations":[{"start":{"line":4,"column":23},"end":{"line":24,"column":5}}]},"3":{"type":"branch","line":4,"loc":{"start":{"line":4,"column":38},"end":{"line":24,"column":5}},"locations":[{"start":{"line":4,"column":38},"end":{"line":24,"column":5}}]},"4":{"type":"branch","line":4,"loc":{"start":{"line":4,"column":38},"end":{"line":20,"column":16}},"locations":[{"start":{"line":4,"column":38},"end":{"line":20,"column":16}}]},"5":{"type":"branch","line":10,"loc":{"start":{"line":10,"column":-1},"end":{"line":15,"column":7}},"locations":[{"start":{"line":10,"column":-1},"end":{"line":15,"column":7}}]},"6":{"type":"branch","line":20,"loc":{"start":{"line":20,"column":15},"end":{"line":24,"column":5}},"locations":[{"start":{"line":20,"column":15},"end":{"line":24,"column":5}}]},"7":{"type":"branch","line":28,"loc":{"start":{"line":28,"column":19},"end":{"line":28,"column":22}},"locations":[{"start":{"line":28,"column":19},"end":{"line":28,"column":22}}]},"8":{"type":"branch","line":28,"loc":{"start":{"line":28,"column":22},"end":{"line":43,"column":5}},"locations":[{"start":{"line":28,"column":22},"end":{"line":43,"column":5}}]},"9":{"type":"branch","line":28,"loc":{"start":{"line":28,"column":37},"end":{"line":43,"column":5}},"locations":[{"start":{"line":28,"column":37},"end":{"line":43,"column":5}}]},"10":{"type":"branch","line":28,"loc":{"start":{"line":28,"column":37},"end":{"line":43,"column":5}},"locations":[{"start":{"line":28,"column":37},"end":{"line":43,"column":5}}]},"11":{"type":"branch","line":28,"loc":{"start":{"line":28,"column":37},"end":{"line":33,"column":43}},"locations":[{"start":{"line":28,"column":37},"end":{"line":33,"column":43}}]},"12":{"type":"branch","line":33,"loc":{"start":{"line":33,"column":42},"end":{"line":37,"column":7}},"locations":[{"start":{"line":33,"column":42},"end":{"line":37,"column":7}}]},"13":{"type":"branch","line":38,"loc":{"start":{"line":38,"column":-1},"end":{"line":43,"column":5}},"locations":[{"start":{"line":38,"column":-1},"end":{"line":43,"column":5}}]},"14":{"type":"branch","line":48,"loc":{"start":{"line":48,"column":19},"end":{"line":48,"column":22}},"locations":[{"start":{"line":48,"column":19},"end":{"line":48,"column":22}}]},"15":{"type":"branch","line":48,"loc":{"start":{"line":48,"column":22},"end":{"line":66,"column":5}},"locations":[{"start":{"line":48,"column":22},"end":{"line":66,"column":5}}]},"16":{"type":"branch","line":48,"loc":{"start":{"line":48,"column":37},"end":{"line":66,"column":5}},"locations":[{"start":{"line":48,"column":37},"end":{"line":66,"column":5}}]},"17":{"type":"branch","line":48,"loc":{"start":{"line":48,"column":37},"end":{"line":66,"column":5}},"locations":[{"start":{"line":48,"column":37},"end":{"line":66,"column":5}}]},"18":{"type":"branch","line":48,"loc":{"start":{"line":48,"column":37},"end":{"line":50,"column":50}},"locations":[{"start":{"line":48,"column":37},"end":{"line":50,"column":50}}]},"19":{"type":"branch","line":50,"loc":{"start":{"line":50,"column":49},"end":{"line":55,"column":9}},"locations":[{"start":{"line":50,"column":49},"end":{"line":55,"column":9}}]},"20":{"type":"branch","line":52,"loc":{"start":{"line":52,"column":12},"end":{"line":55,"column":9}},"locations":[{"start":{"line":52,"column":12},"end":{"line":55,"column":9}}]},"21":{"type":"branch","line":55,"loc":{"start":{"line":55,"column":8},"end":{"line":60,"column":7}},"locations":[{"start":{"line":55,"column":8},"end":{"line":60,"column":7}}]},"22":{"type":"branch","line":61,"loc":{"start":{"line":61,"column":-1},"end":{"line":66,"column":5}},"locations":[{"start":{"line":61,"column":-1},"end":{"line":66,"column":5}}]},"23":{"type":"branch","line":71,"loc":{"start":{"line":71,"column":22},"end":{"line":71,"column":25}},"locations":[{"start":{"line":71,"column":22},"end":{"line":71,"column":25}}]},"24":{"type":"branch","line":71,"loc":{"start":{"line":71,"column":25},"end":{"line":91,"column":5}},"locations":[{"start":{"line":71,"column":25},"end":{"line":91,"column":5}}]},"25":{"type":"branch","line":71,"loc":{"start":{"line":71,"column":40},"end":{"line":91,"column":5}},"locations":[{"start":{"line":71,"column":40},"end":{"line":91,"column":5}}]},"26":{"type":"branch","line":71,"loc":{"start":{"line":71,"column":40},"end":{"line":91,"column":5}},"locations":[{"start":{"line":71,"column":40},"end":{"line":91,"column":5}}]},"27":{"type":"branch","line":71,"loc":{"start":{"line":71,"column":40},"end":{"line":72,"column":46}},"locations":[{"start":{"line":71,"column":40},"end":{"line":72,"column":46}}]},"28":{"type":"branch","line":72,"loc":{"start":{"line":72,"column":45},"end":{"line":77,"column":7}},"locations":[{"start":{"line":72,"column":45},"end":{"line":77,"column":7}}]},"29":{"type":"branch","line":74,"loc":{"start":{"line":74,"column":10},"end":{"line":77,"column":7}},"locations":[{"start":{"line":74,"column":10},"end":{"line":77,"column":7}}]},"30":{"type":"branch","line":74,"loc":{"start":{"line":74,"column":10},"end":{"line":74,"column":13}},"locations":[{"start":{"line":74,"column":10},"end":{"line":74,"column":13}}]},"31":{"type":"branch","line":74,"loc":{"start":{"line":74,"column":10},"end":{"line":77,"column":7}},"locations":[{"start":{"line":74,"column":10},"end":{"line":77,"column":7}}]},"32":{"type":"branch","line":77,"loc":{"start":{"line":77,"column":6},"end":{"line":84,"column":7}},"locations":[{"start":{"line":77,"column":6},"end":{"line":84,"column":7}}]},"33":{"type":"branch","line":81,"loc":{"start":{"line":81,"column":41},"end":{"line":84,"column":7}},"locations":[{"start":{"line":81,"column":41},"end":{"line":84,"column":7}}]},"34":{"type":"branch","line":81,"loc":{"start":{"line":81,"column":41},"end":{"line":84,"column":7}},"locations":[{"start":{"line":81,"column":41},"end":{"line":84,"column":7}}]},"35":{"type":"branch","line":84,"loc":{"start":{"line":84,"column":6},"end":{"line":87,"column":76}},"locations":[{"start":{"line":84,"column":6},"end":{"line":87,"column":76}}]},"36":{"type":"branch","line":87,"loc":{"start":{"line":87,"column":75},"end":{"line":91,"column":5}},"locations":[{"start":{"line":87,"column":75},"end":{"line":91,"column":5}}]},"37":{"type":"branch","line":95,"loc":{"start":{"line":95,"column":22},"end":{"line":95,"column":25}},"locations":[{"start":{"line":95,"column":22},"end":{"line":95,"column":25}}]},"38":{"type":"branch","line":95,"loc":{"start":{"line":95,"column":25},"end":{"line":108,"column":5}},"locations":[{"start":{"line":95,"column":25},"end":{"line":108,"column":5}}]},"39":{"type":"branch","line":95,"loc":{"start":{"line":95,"column":40},"end":{"line":108,"column":5}},"locations":[{"start":{"line":95,"column":40},"end":{"line":108,"column":5}}]},"40":{"type":"branch","line":95,"loc":{"start":{"line":95,"column":40},"end":{"line":108,"column":5}},"locations":[{"start":{"line":95,"column":40},"end":{"line":108,"column":5}}]},"41":{"type":"branch","line":95,"loc":{"start":{"line":95,"column":40},"end":{"line":96,"column":46}},"locations":[{"start":{"line":95,"column":40},"end":{"line":96,"column":46}}]},"42":{"type":"branch","line":96,"loc":{"start":{"line":96,"column":45},"end":{"line":101,"column":7}},"locations":[{"start":{"line":96,"column":45},"end":{"line":101,"column":7}}]},"43":{"type":"branch","line":98,"loc":{"start":{"line":98,"column":10},"end":{"line":101,"column":7}},"locations":[{"start":{"line":98,"column":10},"end":{"line":101,"column":7}}]},"44":{"type":"branch","line":101,"loc":{"start":{"line":101,"column":6},"end":{"line":104,"column":51}},"locations":[{"start":{"line":101,"column":6},"end":{"line":104,"column":51}}]},"45":{"type":"branch","line":104,"loc":{"start":{"line":104,"column":50},"end":{"line":108,"column":5}},"locations":[{"start":{"line":104,"column":50},"end":{"line":108,"column":5}}]}},"b":{"0":[3],"1":[3],"2":[2],"3":[4],"4":[2],"5":[0],"6":[2],"7":[3],"8":[4],"9":[8],"10":[10],"11":[4],"12":[2],"13":[2],"14":[3],"15":[6],"16":[14],"17":[18],"18":[6],"19":[4],"20":[2],"21":[2],"22":[2],"23":[3],"24":[5],"25":[15],"26":[20],"27":[5],"28":[5],"29":[4],"30":[3],"31":[2],"32":[3],"33":[2],"34":[1],"35":[2],"36":[2],"37":[3],"38":[4],"39":[12],"40":[14],"41":[4],"42":[4],"43":[2],"44":[2],"45":[2]},"fnMap":{"0":{"name":"_regeneratorRuntime","decl":{"start":{"line":2,"column":-1},"end":{"line":2,"column":0}},"loc":{"start":{"line":2,"column":-1},"end":{"line":2,"column":0}},"line":2},"1":{"name":"_callee","decl":{"start":{"line":4,"column":23},"end":{"line":24,"column":5}},"loc":{"start":{"line":4,"column":23},"end":{"line":24,"column":5}},"line":4},"2":{"name":"_callee$","decl":{"start":{"line":4,"column":38},"end":{"line":24,"column":5}},"loc":{"start":{"line":4,"column":38},"end":{"line":24,"column":5}},"line":4},"3":{"name":"_callee2","decl":{"start":{"line":28,"column":22},"end":{"line":43,"column":5}},"loc":{"start":{"line":28,"column":22},"end":{"line":43,"column":5}},"line":28},"4":{"name":"_callee2$","decl":{"start":{"line":28,"column":37},"end":{"line":43,"column":5}},"loc":{"start":{"line":28,"column":37},"end":{"line":43,"column":5}},"line":28},"5":{"name":"_callee3","decl":{"start":{"line":48,"column":22},"end":{"line":66,"column":5}},"loc":{"start":{"line":48,"column":22},"end":{"line":66,"column":5}},"line":48},"6":{"name":"_callee3$","decl":{"start":{"line":48,"column":37},"end":{"line":66,"column":5}},"loc":{"start":{"line":48,"column":37},"end":{"line":66,"column":5}},"line":48},"7":{"name":"_callee4","decl":{"start":{"line":71,"column":25},"end":{"line":91,"column":5}},"loc":{"start":{"line":71,"column":25},"end":{"line":91,"column":5}},"line":71},"8":{"name":"_callee4$","decl":{"start":{"line":71,"column":40},"end":{"line":91,"column":5}},"loc":{"start":{"line":71,"column":40},"end":{"line":91,"column":5}},"line":71},"9":{"name":"_callee5","decl":{"start":{"line":95,"column":25},"end":{"line":108,"column":5}},"loc":{"start":{"line":95,"column":25},"end":{"line":108,"column":5}},"line":95},"10":{"name":"_callee5$","decl":{"start":{"line":95,"column":40},"end":{"line":108,"column":5}},"loc":{"start":{"line":95,"column":40},"end":{"line":108,"column":5}},"line":95}},"f":{"0":3,"1":2,"2":4,"3":4,"4":8,"5":6,"6":14,"7":5,"8":15,"9":4,"10":12}}
,"/Users/ghulamabbas/Documents/Udemy Courses/Unit Testing/Lecture Files/jobs-api-unit-testing/middlewares/auth.js": {"path":"/Users/ghulamabbas/Documents/Udemy Courses/Unit Testing/Lecture Files/jobs-api-unit-testing/middlewares/auth.js","all":false,"statementMap":{"0":{"start":{"line":1,"column":0},"end":{"line":1,"column":31}},"1":{"start":{"line":2,"column":0},"end":{"line":2,"column":38}},"2":{"start":{"line":3,"column":0},"end":{"line":3,"column":0}},"3":{"start":{"line":4,"column":0},"end":{"line":4,"column":44}},"4":{"start":{"line":5,"column":0},"end":{"line":5,"column":62}},"5":{"start":{"line":6,"column":0},"end":{"line":6,"column":7}},"6":{"start":{"line":7,"column":0},"end":{"line":7,"column":61}},"7":{"start":{"line":8,"column":0},"end":{"line":8,"column":16}},"8":{"start":{"line":9,"column":0},"end":{"line":9,"column":20}},"9":{"start":{"line":10,"column":0},"end":{"line":10,"column":75}},"10":{"start":{"line":11,"column":0},"end":{"line":11,"column":5}},"11":{"start":{"line":12,"column":0},"end":{"line":12,"column":0}},"12":{"start":{"line":13,"column":0},"end":{"line":13,"column":59}},"13":{"start":{"line":14,"column":0},"end":{"line":14,"column":0}},"14":{"start":{"line":15,"column":0},"end":{"line":15,"column":17}},"15":{"start":{"line":16,"column":0},"end":{"line":16,"column":35}},"16":{"start":{"line":17,"column":0},"end":{"line":17,"column":39}},"17":{"start":{"line":18,"column":0},"end":{"line":18,"column":9}},"18":{"start":{"line":19,"column":0},"end":{"line":19,"column":5}},"19":{"start":{"line":20,"column":0},"end":{"line":20,"column":0}},"20":{"start":{"line":21,"column":0},"end":{"line":21,"column":62}},"21":{"start":{"line":22,"column":0},"end":{"line":22,"column":0}},"22":{"start":{"line":23,"column":0},"end":{"line":23,"column":47}},"23":{"start":{"line":24,"column":0},"end":{"line":24,"column":0}},"24":{"start":{"line":25,"column":0},"end":{"line":25,"column":11}},"25":{"start":{"line":26,"column":0},"end":{"line":26,"column":19}},"26":{"start":{"line":27,"column":0},"end":{"line":27,"column":23}},"27":{"start":{"line":28,"column":0},"end":{"line":28,"column":33}},"28":{"start":{"line":29,"column":0},"end":{"line":29,"column":42}},"29":{"start":{"line":30,"column":0},"end":{"line":30,"column":7}},"30":{"start":{"line":31,"column":0},"end":{"line":31,"column":3}},"31":{"start":{"line":32,"column":0},"end":{"line":32,"column":2}}},"s":{"0":1,"1":0,"2":1,"3":1,"4":1,"5":9,"6":9,"7":1,"8":1,"9":1,"10":8,"11":8,"12":8,"13":8,"14":8,"15":1,"16":1,"17":1,"18":7,"19":7,"20":7,"21":7,"22":7,"23":7,"24":7,"25":0,"26":0,"27":0,"28":0,"29":0,"30":1,"31":1},"branchMap":{"0":{"type":"branch","line":2,"loc":{"start":{"line":2,"column":0},"end":{"line":2,"column":38}},"locations":[{"start":{"line":2,"column":0},"end":{"line":2,"column":38}}]},"1":{"type":"branch","line":2,"loc":{"start":{"line":2,"column":0},"end":{"line":2,"column":38}},"locations":[{"start":{"line":2,"column":0},"end":{"line":2,"column":38}}]},"2":{"type":"branch","line":2,"loc":{"start":{"line":2,"column":0},"end":{"line":2,"column":38}},"locations":[{"start":{"line":2,"column":0},"end":{"line":2,"column":38}}]},"3":{"type":"branch","line":2,"loc":{"start":{"line":2,"column":0},"end":{"line":2,"column":38}},"locations":[{"start":{"line":2,"column":0},"end":{"line":2,"column":38}}]},"4":{"type":"branch","line":2,"loc":{"start":{"line":2,"column":0},"end":{"line":2,"column":38}},"locations":[{"start":{"line":2,"column":0},"end":{"line":2,"column":38}}]},"5":{"type":"branch","line":2,"loc":{"start":{"line":2,"column":0},"end":{"line":2,"column":38}},"locations":[{"start":{"line":2,"column":0},"end":{"line":2,"column":38}}]},"6":{"type":"branch","line":2,"loc":{"start":{"line":2,"column":0},"end":{"line":2,"column":38}},"locations":[{"start":{"line":2,"column":0},"end":{"line":2,"column":38}}]},"7":{"type":"branch","line":2,"loc":{"start":{"line":2,"column":0},"end":{"line":2,"column":38}},"locations":[{"start":{"line":2,"column":0},"end":{"line":2,"column":38}}]},"8":{"type":"branch","line":2,"loc":{"start":{"line":2,"column":0},"end":{"line":2,"column":38}},"locations":[{"start":{"line":2,"column":0},"end":{"line":2,"column":38}}]},"9":{"type":"branch","line":2,"loc":{"start":{"line":2,"column":0},"end":{"line":2,"column":38}},"locations":[{"start":{"line":2,"column":0},"end":{"line":2,"column":38}}]},"10":{"type":"branch","line":2,"loc":{"start":{"line":2,"column":0},"end":{"line":2,"column":38}},"locations":[{"start":{"line":2,"column":0},"end":{"line":2,"column":38}}]},"11":{"type":"branch","line":2,"loc":{"start":{"line":2,"column":0},"end":{"line":2,"column":38}},"locations":[{"start":{"line":2,"column":0},"end":{"line":2,"column":38}}]},"12":{"type":"branch","line":2,"loc":{"start":{"line":2,"column":0},"end":{"line":2,"column":38}},"locations":[{"start":{"line":2,"column":0},"end":{"line":2,"column":38}}]},"13":{"type":"branch","line":2,"loc":{"start":{"line":2,"column":0},"end":{"line":2,"column":38}},"locations":[{"start":{"line":2,"column":0},"end":{"line":2,"column":38}}]},"14":{"type":"branch","line":2,"loc":{"start":{"line":2,"column":0},"end":{"line":2,"column":38}},"locations":[{"start":{"line":2,"column":0},"end":{"line":2,"column":38}}]},"15":{"type":"branch","line":2,"loc":{"start":{"line":2,"column":0},"end":{"line":2,"column":38}},"locations":[{"start":{"line":2,"column":0},"end":{"line":2,"column":38}}]},"16":{"type":"branch","line":2,"loc":{"start":{"line":2,"column":0},"end":{"line":2,"column":38}},"locations":[{"start":{"line":2,"column":0},"end":{"line":2,"column":38}}]},"17":{"type":"branch","line":2,"loc":{"start":{"line":2,"column":0},"end":{"line":2,"column":38}},"locations":[{"start":{"line":2,"column":0},"end":{"line":2,"column":38}}]},"18":{"type":"branch","line":2,"loc":{"start":{"line":2,"column":0},"end":{"line":2,"column":38}},"locations":[{"start":{"line":2,"column":0},"end":{"line":2,"column":38}}]},"19":{"type":"branch","line":2,"loc":{"start":{"line":2,"column":0},"end":{"line":2,"column":38}},"locations":[{"start":{"line":2,"column":0},"end":{"line":2,"column":38}}]},"20":{"type":"branch","line":2,"loc":{"start":{"line":2,"column":0},"end":{"line":2,"column":38}},"locations":[{"start":{"line":2,"column":0},"end":{"line":2,"column":38}}]},"21":{"type":"branch","line":2,"loc":{"start":{"line":2,"column":0},"end":{"line":2,"column":38}},"locations":[{"start":{"line":2,"column":0},"end":{"line":2,"column":38}}]},"22":{"type":"branch","line":2,"loc":{"start":{"line":2,"column":0},"end":{"line":2,"column":38}},"locations":[{"start":{"line":2,"column":0},"end":{"line":2,"column":38}}]},"23":{"type":"branch","line":2,"loc":{"start":{"line":2,"column":0},"end":{"line":2,"column":38}},"locations":[{"start":{"line":2,"column":0},"end":{"line":2,"column":38}}]},"24":{"type":"branch","line":2,"loc":{"start":{"line":2,"column":0},"end":{"line":2,"column":38}},"locations":[{"start":{"line":2,"column":0},"end":{"line":2,"column":38}}]},"25":{"type":"branch","line":2,"loc":{"start":{"line":2,"column":0},"end":{"line":2,"column":38}},"locations":[{"start":{"line":2,"column":0},"end":{"line":2,"column":38}}]},"26":{"type":"branch","line":2,"loc":{"start":{"line":2,"column":0},"end":{"line":2,"column":38}},"locations":[{"start":{"line":2,"column":0},"end":{"line":2,"column":38}}]},"27":{"type":"branch","line":2,"loc":{"start":{"line":2,"column":0},"end":{"line":2,"column":38}},"locations":[{"start":{"line":2,"column":0},"end":{"line":2,"column":38}}]},"28":{"type":"branch","line":2,"loc":{"start":{"line":2,"column":0},"end":{"line":2,"column":38}},"locations":[{"start":{"line":2,"column":0},"end":{"line":2,"column":38}}]},"29":{"type":"branch","line":2,"loc":{"start":{"line":2,"column":0},"end":{"line":2,"column":38}},"locations":[{"start":{"line":2,"column":0},"end":{"line":2,"column":38}}]},"30":{"type":"branch","line":2,"loc":{"start":{"line":2,"column":0},"end":{"line":2,"column":38}},"locations":[{"start":{"line":2,"column":0},"end":{"line":2,"column":38}}]},"31":{"type":"branch","line":2,"loc":{"start":{"line":2,"column":0},"end":{"line":2,"column":38}},"locations":[{"start":{"line":2,"column":0},"end":{"line":2,"column":38}}]},"32":{"type":"branch","line":2,"loc":{"start":{"line":2,"column":0},"end":{"line":2,"column":38}},"locations":[{"start":{"line":2,"column":0},"end":{"line":2,"column":38}}]},"33":{"type":"branch","line":2,"loc":{"start":{"line":2,"column":0},"end":{"line":2,"column":38}},"locations":[{"start":{"line":2,"column":0},"end":{"line":2,"column":38}}]},"34":{"type":"branch","line":2,"loc":{"start":{"line":2,"column":0},"end":{"line":2,"column":38}},"locations":[{"start":{"line":2,"column":0},"end":{"line":2,"column":38}}]},"35":{"type":"branch","line":2,"loc":{"start":{"line":2,"column":0},"end":{"line":2,"column":38}},"locations":[{"start":{"line":2,"column":0},"end":{"line":2,"column":38}}]},"36":{"type":"branch","line":2,"loc":{"start":{"line":2,"column":0},"end":{"line":2,"column":38}},"locations":[{"start":{"line":2,"column":0},"end":{"line":2,"column":38}}]},"37":{"type":"branch","line":2,"loc":{"start":{"line":2,"column":0},"end":{"line":2,"column":38}},"locations":[{"start":{"line":2,"column":0},"end":{"line":2,"column":38}}]},"38":{"type":"branch","line":2,"loc":{"start":{"line":2,"column":0},"end":{"line":2,"column":38}},"locations":[{"start":{"line":2,"column":0},"end":{"line":2,"column":38}}]},"39":{"type":"branch","line":2,"loc":{"start":{"line":2,"column":0},"end":{"line":2,"column":38}},"locations":[{"start":{"line":2,"column":0},"end":{"line":2,"column":38}}]},"40":{"type":"branch","line":2,"loc":{"start":{"line":2,"column":0},"end":{"line":2,"column":38}},"locations":[{"start":{"line":2,"column":0},"end":{"line":2,"column":38}}]},"41":{"type":"branch","line":2,"loc":{"start":{"line":2,"column":0},"end":{"line":2,"column":38}},"locations":[{"start":{"line":2,"column":0},"end":{"line":2,"column":38}}]},"42":{"type":"branch","line":2,"loc":{"start":{"line":2,"column":0},"end":{"line":2,"column":38}},"locations":[{"start":{"line":2,"column":0},"end":{"line":2,"column":38}}]},"43":{"type":"branch","line":2,"loc":{"start":{"line":2,"column":0},"end":{"line":2,"column":38}},"locations":[{"start":{"line":2,"column":0},"end":{"line":2,"column":38}}]},"44":{"type":"branch","line":2,"loc":{"start":{"line":2,"column":0},"end":{"line":2,"column":38}},"locations":[{"start":{"line":2,"column":0},"end":{"line":2,"column":38}}]},"45":{"type":"branch","line":2,"loc":{"start":{"line":2,"column":0},"end":{"line":2,"column":38}},"locations":[{"start":{"line":2,"column":0},"end":{"line":2,"column":38}}]},"46":{"type":"branch","line":2,"loc":{"start":{"line":2,"column":0},"end":{"line":2,"column":38}},"locations":[{"start":{"line":2,"column":0},"end":{"line":2,"column":38}}]},"47":{"type":"branch","line":2,"loc":{"start":{"line":2,"column":0},"end":{"line":2,"column":38}},"locations":[{"start":{"line":2,"column":0},"end":{"line":2,"column":38}}]},"48":{"type":"branch","line":2,"loc":{"start":{"line":2,"column":0},"end":{"line":2,"column":38}},"locations":[{"start":{"line":2,"column":0},"end":{"line":2,"column":38}}]},"49":{"type":"branch","line":2,"loc":{"start":{"line":2,"column":0},"end":{"line":2,"column":38}},"locations":[{"start":{"line":2,"column":0},"end":{"line":2,"column":38}}]},"50":{"type":"branch","line":2,"loc":{"start":{"line":2,"column":0},"end":{"line":2,"column":38}},"locations":[{"start":{"line":2,"column":0},"end":{"line":2,"column":38}}]},"51":{"type":"branch","line":2,"loc":{"start":{"line":2,"column":0},"end":{"line":2,"column":38}},"locations":[{"start":{"line":2,"column":0},"end":{"line":2,"column":38}}]},"52":{"type":"branch","line":2,"loc":{"start":{"line":2,"column":0},"end":{"line":2,"column":38}},"locations":[{"start":{"line":2,"column":0},"end":{"line":2,"column":38}}]},"53":{"type":"branch","line":2,"loc":{"start":{"line":2,"column":0},"end":{"line":2,"column":38}},"locations":[{"start":{"line":2,"column":0},"end":{"line":2,"column":38}}]},"54":{"type":"branch","line":2,"loc":{"start":{"line":2,"column":0},"end":{"line":2,"column":38}},"locations":[{"start":{"line":2,"column":0},"end":{"line":2,"column":38}}]},"55":{"type":"branch","line":2,"loc":{"start":{"line":2,"column":0},"end":{"line":2,"column":38}},"locations":[{"start":{"line":2,"column":0},"end":{"line":2,"column":38}}]},"56":{"type":"branch","line":2,"loc":{"start":{"line":2,"column":0},"end":{"line":2,"column":38}},"locations":[{"start":{"line":2,"column":0},"end":{"line":2,"column":38}}]},"57":{"type":"branch","line":2,"loc":{"start":{"line":2,"column":0},"end":{"line":2,"column":38}},"locations":[{"start":{"line":2,"column":0},"end":{"line":2,"column":38}}]},"58":{"type":"branch","line":2,"loc":{"start":{"line":2,"column":0},"end":{"line":2,"column":38}},"locations":[{"start":{"line":2,"column":0},"end":{"line":2,"column":38}}]},"59":{"type":"branch","line":2,"loc":{"start":{"line":2,"column":0},"end":{"line":2,"column":38}},"locations":[{"start":{"line":2,"column":0},"end":{"line":2,"column":38}}]},"60":{"type":"branch","line":2,"loc":{"start":{"line":2,"column":0},"end":{"line":2,"column":38}},"locations":[{"start":{"line":2,"column":0},"end":{"line":2,"column":38}}]},"61":{"type":"branch","line":2,"loc":{"start":{"line":2,"column":0},"end":{"line":2,"column":38}},"locations":[{"start":{"line":2,"column":0},"end":{"line":2,"column":38}}]},"62":{"type":"branch","line":2,"loc":{"start":{"line":2,"column":0},"end":{"line":2,"column":38}},"locations":[{"start":{"line":2,"column":0},"end":{"line":2,"column":38}}]},"63":{"type":"branch","line":2,"loc":{"start":{"line":2,"column":0},"end":{"line":2,"column":38}},"locations":[{"start":{"line":2,"column":0},"end":{"line":2,"column":38}}]},"64":{"type":"branch","line":2,"loc":{"start":{"line":2,"column":0},"end":{"line":2,"column":38}},"locations":[{"start":{"line":2,"column":0},"end":{"line":2,"column":38}}]},"65":{"type":"branch","line":2,"loc":{"start":{"line":2,"column":0},"end":{"line":2,"column":38}},"locations":[{"start":{"line":2,"column":0},"end":{"line":2,"column":38}}]},"66":{"type":"branch","line":2,"loc":{"start":{"line":2,"column":0},"end":{"line":2,"column":38}},"locations":[{"start":{"line":2,"column":0},"end":{"line":2,"column":38}}]},"67":{"type":"branch","line":5,"loc":{"start":{"line":5,"column":32},"end":{"line":5,"column":35}},"locations":[{"start":{"line":5,"column":32},"end":{"line":5,"column":35}}]},"68":{"type":"branch","line":5,"loc":{"start":{"line":5,"column":35},"end":{"line":30,"column":7}},"locations":[{"start":{"line":5,"column":35},"end":{"line":30,"column":7}}]},"69":{"type":"branch","line":5,"loc":{"start":{"line":5,"column":56},"end":{"line":30,"column":7}},"locations":[{"start":{"line":5,"column":56},"end":{"line":30,"column":7}}]},"70":{"type":"branch","line":5,"loc":{"start":{"line":5,"column":56},"end":{"line":30,"column":7}},"locations":[{"start":{"line":5,"column":56},"end":{"line":30,"column":7}}]},"71":{"type":"branch","line":5,"loc":{"start":{"line":5,"column":56},"end":{"line":10,"column":75}},"locations":[{"start":{"line":5,"column":56},"end":{"line":10,"column":75}}]},"72":{"type":"branch","line":7,"loc":{"start":{"line":7,"column":36},"end":{"line":7,"column":58}},"locations":[{"start":{"line":7,"column":36},"end":{"line":7,"column":58}}]},"73":{"type":"branch","line":7,"loc":{"start":{"line":7,"column":58},"end":{"line":7,"column":61}},"locations":[{"start":{"line":7,"column":58},"end":{"line":7,"column":61}}]},"74":{"type":"branch","line":7,"loc":{"start":{"line":7,"column":58},"end":{"line":10,"column":75}},"locations":[{"start":{"line":7,"column":58},"end":{"line":10,"column":75}}]},"75":{"type":"branch","line":10,"loc":{"start":{"line":10,"column":74},"end":{"line":18,"column":9}},"locations":[{"start":{"line":10,"column":74},"end":{"line":18,"column":9}}]},"76":{"type":"branch","line":13,"loc":{"start":{"line":13,"column":43},"end":{"line":13,"column":45}},"locations":[{"start":{"line":13,"column":43},"end":{"line":13,"column":45}}]},"77":{"type":"branch","line":15,"loc":{"start":{"line":15,"column":14},"end":{"line":18,"column":9}},"locations":[{"start":{"line":15,"column":14},"end":{"line":18,"column":9}}]},"78":{"type":"branch","line":15,"loc":{"start":{"line":15,"column":14},"end":{"line":18,"column":9}},"locations":[{"start":{"line":15,"column":14},"end":{"line":18,"column":9}}]},"79":{"type":"branch","line":18,"loc":{"start":{"line":18,"column":8},"end":{"line":23,"column":47}},"locations":[{"start":{"line":18,"column":8},"end":{"line":23,"column":47}}]},"80":{"type":"branch","line":23,"loc":{"start":{"line":23,"column":46},"end":{"line":25,"column":11}},"locations":[{"start":{"line":23,"column":46},"end":{"line":25,"column":11}}]},"81":{"type":"branch","line":26,"loc":{"start":{"line":26,"column":-1},"end":{"line":30,"column":7}},"locations":[{"start":{"line":26,"column":-1},"end":{"line":30,"column":7}}]},"82":{"type":"branch","line":30,"loc":{"start":{"line":30,"column":6},"end":{"line":30,"column":7}},"locations":[{"start":{"line":30,"column":6},"end":{"line":30,"column":7}}]},"83":{"type":"branch","line":30,"loc":{"start":{"line":30,"column":6},"end":{"line":30,"column":7}},"locations":[{"start":{"line":30,"column":6},"end":{"line":30,"column":7}}]}},"b":{"0":[0],"1":[0],"2":[0],"3":[0],"4":[0],"5":[0],"6":[9],"7":[39],"8":[9],"9":[0],"10":[0],"11":[18],"12":[0],"13":[6],"14":[18],"15":[16],"16":[9],"17":[16],"18":[0],"19":[0],"20":[18],"21":[0],"22":[16],"23":[2],"24":[0],"25":[9],"26":[9],"27":[2],"28":[16],"29":[0],"30":[9],"31":[0],"32":[18],"33":[9],"34":[3],"35":[0],"36":[0],"37":[3],"38":[0],"39":[9],"40":[0],"41":[9],"42":[0],"43":[4],"44":[8],"45":[4],"46":[0],"47":[0],"48":[0],"49":[0],"50":[0],"51":[0],"52":[0],"53":[0],"54":[4],"55":[0],"56":[0],"57":[0],"58":[16],"59":[0],"60":[10],"61":[9],"62":[7],"63":[3],"64":[9],"65":[9],"66":[16],"67":[3],"68":[9],"69":[18],"70":[40],"71":[9],"72":[8],"73":[8],"74":[1],"75":[8],"76":[0],"77":[7],"78":[1],"79":[7],"80":[7],"81":[0],"82":[7],"83":[9]},"fnMap":{"0":{"name":"_regeneratorRuntime","decl":{"start":{"line":2,"column":0},"end":{"line":2,"column":38}},"loc":{"start":{"line":2,"column":0},"end":{"line":2,"column":38}},"line":2},"1":{"name":"defineProperty","decl":{"start":{"line":2,"column":0},"end":{"line":2,"column":38}},"loc":{"start":{"line":2,"column":0},"end":{"line":2,"column":38}},"line":2},"2":{"name":"define","decl":{"start":{"line":2,"column":0},"end":{"line":2,"column":38}},"loc":{"start":{"line":2,"column":0},"end":{"line":2,"column":38}},"line":2},"3":{"name":"define","decl":{"start":{"line":2,"column":0},"end":{"line":2,"column":38}},"loc":{"start":{"line":2,"column":0},"end":{"line":2,"column":38}},"line":2},"4":{"name":"wrap","decl":{"start":{"line":2,"column":0},"end":{"line":2,"column":38}},"loc":{"start":{"line":2,"column":0},"end":{"line":2,"column":38}},"line":2},"5":{"name":"tryCatch","decl":{"start":{"line":2,"column":0},"end":{"line":2,"column":38}},"loc":{"start":{"line":2,"column":0},"end":{"line":2,"column":38}},"line":2},"6":{"name":"Generator","decl":{"start":{"line":2,"column":0},"end":{"line":2,"column":38}},"loc":{"start":{"line":2,"column":0},"end":{"line":2,"column
[...]
s":[{"start":{"line":2,"column":0},"end":{"line":2,"column":8}}]},"9":{"type":"branch","line":2,"loc":{"start":{"line":2,"column":0},"end":{"line":2,"column":8}},"locations":[{"start":{"line":2,"column":0},"end":{"line":2,"column":8}}]},"10":{"type":"branch","line":2,"loc":{"start":{"line":2,"column":0},"end":{"line":2,"column":8}},"locations":[{"start":{"line":2,"column":0},"end":{"line":2,"column":8}}]},"11":{"type":"branch","line":2,"loc":{"start":{"line":2,"column":0},"end":{"line":2,"column":8}},"locations":[{"start":{"line":2,"column":0},"end":{"line":2,"column":8}}]},"12":{"type":"branch","line":2,"loc":{"start":{"line":2,"column":0},"end":{"line":2,"column":8}},"locations":[{"start":{"line":2,"column":0},"end":{"line":2,"column":8}}]},"13":{"type":"branch","line":2,"loc":{"start":{"line":2,"column":0},"end":{"line":2,"column":8}},"locations":[{"start":{"line":2,"column":0},"end":{"line":2,"column":8}}]},"14":{"type":"branch","line":2,"loc":{"start":{"line":2,"column":0},"end":{"line":2,"column":8}},"locations":[{"start":{"line":2,"column":0},"end":{"line":2,"column":8}}]},"15":{"type":"branch","line":2,"loc":{"start":{"line":2,"column":0},"end":{"line":2,"column":8}},"locations":[{"start":{"line":2,"column":0},"end":{"line":2,"column":8}}]},"16":{"type":"branch","line":2,"loc":{"start":{"line":2,"column":0},"end":{"line":2,"column":8}},"locations":[{"start":{"line":2,"column":0},"end":{"line":2,"column":8}}]},"17":{"type":"branch","line":2,"loc":{"start":{"line":2,"column":0},"end":{"line":2,"column":8}},"locations":[{"start":{"line":2,"column":0},"end":{"line":2,"column":8}}]},"18":{"type":"branch","line":2,"loc":{"start":{"line":2,"column":0},"end":{"line":2,"column":8}},"locations":[{"start":{"line":2,"column":0},"end":{"line":2,"column":8}}]},"19":{"type":"branch","line":2,"loc":{"start":{"line":2,"column":0},"end":{"line":2,"column":8}},"locations":[{"start":{"line":2,"column":0},"end":{"line":2,"column":8}}]},"20":{"type":"branch","line":2,"loc":{"start":{"line":2,"column":0},"end":{"line":2,"column":8}},"locations":[{"start":{"line":2,"column":0},"end":{"line":2,"column":8}}]},"21":{"type":"branch","line":2,"loc":{"start":{"line":2,"column":0},"end":{"line":2,"column":8}},"locations":[{"start":{"line":2,"column":0},"end":{"line":2,"column":8}}]},"22":{"type":"branch","line":2,"loc":{"start":{"line":2,"column":0},"end":{"line":2,"column":8}},"locations":[{"start":{"line":2,"column":0},"end":{"line":2,"column":8}}]},"23":{"type":"branch","line":2,"loc":{"start":{"line":2,"column":0},"end":{"line":2,"column":8}},"locations":[{"start":{"line":2,"column":0},"end":{"line":2,"column":8}}]},"24":{"type":"branch","line":2,"loc":{"start":{"line":2,"column":0},"end":{"line":2,"column":8}},"locations":[{"start":{"line":2,"column":0},"end":{"line":2,"column":8}}]},"25":{"type":"branch","line":2,"loc":{"start":{"line":2,"column":0},"end":{"line":2,"column":8}},"locations":[{"start":{"line":2,"column":0},"end":{"line":2,"column":8}}]},"26":{"type":"branch","line":2,"loc":{"start":{"line":2,"column":0},"end":{"line":2,"column":8}},"locations":[{"start":{"line":2,"column":0},"end":{"line":2,"column":8}}]},"27":{"type":"branch","line":2,"loc":{"start":{"line":2,"column":0},"end":{"line":2,"column":8}},"locations":[{"start":{"line":2,"column":0},"end":{"line":2,"column":8}}]},"28":{"type":"branch","line":2,"loc":{"start":{"line":2,"column":0},"end":{"line":2,"column":8}},"locations":[{"start":{"line":2,"column":0},"end":{"line":2,"column":8}}]},"29":{"type":"branch","line":2,"loc":{"start":{"line":2,"column":0},"end":{"line":2,"column":8}},"locations":[{"start":{"line":2,"column":0},"end":{"line":2,"column":8}}]},"30":{"type":"branch","line":2,"loc":{"start":{"line":2,"column":0},"end":{"line":2,"column":8}},"locations":[{"start":{"line":2,"column":0},"end":{"line":2,"column":8}}]},"31":{"type":"branch","line":2,"loc":{"start":{"line":2,"column":0},"end":{"line":2,"column":8}},"locations":[{"start":{"line":2,"column":0},"end":{"line":2,"column":8}}]},"32":{"type":"branch","line":2,"loc":{"start":{"line":2,"column":0},"end":{"line":2,"column":8}},"locations":[{"start":{"line":2,"column":0},"end":{"line":2,"column":8}}]},"33":{"type":"branch","line":2,"loc":{"start":{"line":2,"column":0},"end":{"line":2,"column":8}},"locations":[{"start":{"line":2,"column":0},"end":{"line":2,"column":8}}]},"34":{"type":"branch","line":2,"loc":{"start":{"line":2,"column":0},"end":{"line":2,"column":8}},"locations":[{"start":{"line":2,"column":0},"end":{"line":2,"column":8}}]},"35":{"type":"branch","line":2,"loc":{"start":{"line":2,"column":0},"end":{"line":2,"column":8}},"locations":[{"start":{"line":2,"column":0},"end":{"line":2,"column":8}}]},"36":{"type":"branch","line":2,"loc":{"start":{"line":2,"column":0},"end":{"line":2,"column":8}},"locations":[{"start":{"line":2,"column":0},"end":{"line":2,"column":8}}]},"37":{"type":"branch","line":2,"loc":{"start":{"line":2,"column":0},"end":{"line":2,"column":8}},"locations":[{"start":{"line":2,"column":0},"end":{"line":2,"column":8}}]},"38":{"type":"branch","line":2,"loc":{"start":{"line":2,"column":0},"end":{"line":2,"column":8}},"locations":[{"start":{"line":2,"column":0},"end":{"line":2,"column":8}}]},"39":{"type":"branch","line":2,"loc":{"start":{"line":2,"column":0},"end":{"line":2,"column":8}},"locations":[{"start":{"line":2,"column":0},"end":{"line":2,"column":8}}]},"40":{"type":"branch","line":2,"loc":{"start":{"line":2,"column":0},"end":{"line":2,"column":8}},"locations":[{"start":{"line":2,"column":0},"end":{"line":2,"column":8}}]},"41":{"type":"branch","line":2,"loc":{"start":{"line":2,"column":0},"end":{"line":2,"column":8}},"locations":[{"start":{"line":2,"column":0},"end":{"line":2,"column":8}}]},"42":{"type":"branch","line":2,"loc":{"start":{"line":2,"column":0},"end":{"line":2,"column":8}},"locations":[{"start":{"line":2,"column":0},"end":{"line":2,"column":8}}]},"43":{"type":"branch","line":2,"loc":{"start":{"line":2,"column":0},"end":{"line":2,"column":8}},"locations":[{"start":{"line":2,"column":0},"end":{"line":2,"column":8}}]},"44":{"type":"branch","line":2,"loc":{"start":{"line":2,"column":0},"end":{"line":2,"column":8}},"locations":[{"start":{"line":2,"column":0},"end":{"line":2,"column":8}}]},"45":{"type":"branch","line":2,"loc":{"start":{"line":2,"column":0},"end":{"line":2,"column":8}},"locations":[{"start":{"line":2,"column":0},"end":{"line":2,"column":8}}]},"46":{"type":"branch","line":2,"loc":{"start":{"line":2,"column":0},"end":{"line":2,"column":8}},"locations":[{"start":{"line":2,"column":0},"end":{"line":2,"column":8}}]},"47":{"type":"branch","line":2,"loc":{"start":{"line":2,"column":0},"end":{"line":2,"column":8}},"locations":[{"start":{"line":2,"column":0},"end":{"line":2,"column":8}}]},"48":{"type":"branch","line":2,"loc":{"start":{"line":2,"column":0},"end":{"line":2,"column":8}},"locations":[{"start":{"line":2,"column":0},"end":{"line":2,"column":8}}]},"49":{"type":"branch","line":2,"loc":{"start":{"line":2,"column":0},"end":{"line":2,"column":8}},"locations":[{"start":{"line":2,"column":0},"end":{"line":2,"column":8}}]},"50":{"type":"branch","line":2,"loc":{"start":{"line":2,"column":0},"end":{"line":2,"column":8}},"locations":[{"start":{"line":2,"column":0},"end":{"line":2,"column":8}}]},"51":{"type":"branch","line":2,"loc":{"start":{"line":2,"column":0},"end":{"line":2,"column":8}},"locations":[{"start":{"line":2,"column":0},"end":{"line":2,"column":8}}]},"52":{"type":"branch","line":2,"loc":{"start":{"line":2,"column":0},"end":{"line":2,"column":8}},"locations":[{"start":{"line":2,"column":0},"end":{"line":2,"column":8}}]},"53":{"type":"branch","line":2,"loc":{"start":{"line":2,"column":0},"end":{"line":2,"column":8}},"locations":[{"start":{"line":2,"column":0},"end":{"line":2,"column":8}}]},"54":{"type":"branch","line":2,"loc":{"start":{"line":2,"column":0},"end":{"line":2,"column":8}},"locations":[{"start":{"line":2,"column":0},"end":{"line":2,"column":8}}]},"55":{"type":"branch","line":2,"loc":{"start":{"line":2,"column":0},"end":{"line":2,"column":8}},"locations":[{"start":{"line":2,"column":0},"end":{"line":2,"column":8}}]},"56":{"type":"branch","line":2,"loc":{"start":{"line":2,"column":0},"end":{"line":2,"column":8}},"locations":[{"start":{"line":2,"column":0},"end":{"line":2,"column":8}}]},"57":{"type":"branch","line":2,"loc":{"start":{"line":2,"column":0},"end":{"line":2,"column":8}},"locations":[{"start":{"line":2,"column":0},"end":{"line":2,"column":8}}]},"58":{"type":"branch","line":2,"loc":{"start":{"line":2,"column":0},"end":{"line":2,"column":8}},"locations":[{"start":{"line":2,"column":0},"end":{"line":2,"column":8}}]},"59":{"type":"branch","line":2,"loc":{"start":{"line":2,"column":0},"end":{"line":2,"column":8}},"locations":[{"start":{"line":2,"column":0},"end":{"line":2,"column":8}}]},"60":{"type":"branch","line":2,"loc":{"start":{"line":2,"column":0},"end":{"line":2,"column":8}},"locations":[{"start":{"line":2,"column":0},"end":{"line":2,"column":8}}]},"61":{"type":"branch","line":2,"loc":{"start":{"line":2,"column":0},"end":{"line":2,"column":8}},"locations":[{"start":{"line":2,"column":0},"end":{"line":2,"column":8}}]},"62":{"type":"branch","line":2,"loc":{"start":{"line":2,"column":0},"end":{"line":2,"column":8}},"locations":[{"start":{"line":2,"column":0},"end":{"line":2,"column":8}}]},"63":{"type":"branch","line":2,"loc":{"start":{"line":2,"column":0},"end":{"line":2,"column":8}},"locations":[{"start":{"line":2,"column":0},"end":{"line":2,"column":8}}]},"64":{"type":"branch","line":2,"loc":{"start":{"line":2,"column":0},"end":{"line":2,"column":8}},"locations":[{"start":{"line":2,"column":0},"end":{"line":2,"column":8}}]},"65":{"type":"branch","line":2,"loc":{"start":{"line":2,"column":0},"end":{"line":2,"column":8}},"locations":[{"start":{"line":2,"column":0},"end":{"line":2,"column":8}}]},"66":{"type":"branch","line":2,"loc":{"start":{"line":2,"column":0},"end":{"line":2,"column":8}},"locations":[{"start":{"line":2,"column":0},"end":{"line":2,"column":8}}]},"67":{"type":"branch","line":4,"loc":{"start":{"line":4,"column":22},"end":{"line":21,"column":3}},"locations":[{"start":{"line":4,"column":22},"end":{"line":21,"column":3}}]},"68":{"type":"branch","line":5,"loc":{"start":{"line":5,"column":2},"end":{"line":10,"column":3}},"locations":[{"start":{"line":5,"column":2},"end":{"line":10,"column":3}}]},"69":{"type":"branch","line":11,"loc":{"start":{"line":11,"column":-1},"end":{"line":21,"column":3}},"locations":[{"start":{"line":11,"column":-1},"end":{"line":21,"column":3}}]},"70":{"type":"branch","line":12,"loc":{"start":{"line":12,"column":2},"end":{"line":20,"column":18}},"locations":[{"start":{"line":12,"column":2},"end":{"line":20,"column":18}}]},"71":{"type":"branch","line":12,"loc":{"start":{"line":12,"column":19},"end":{"line":20,"column":18}},"locations":[{"start":{"line":12,"column":19},"end":{"line":20,"column":18}}]},"72":{"type":"branch","line":12,"loc":{"start":{"line":12,"column":19},"end":{"line":18,"column":58}},"locations":[{"start":{"line":12,"column":19},"end":{"line":18,"column":58}}]},"73":{"type":"branch","line":18,"loc":{"start":{"line":18,"column":57},"end":{"line":20,"column":18}},"locations":[{"start":{"line":18,"column":57},"end":{"line":20,"column":18}}]},"74":{"type":"branch","line":20,"loc":{"start":{"line":20,"column":17},"end":{"line":20,"column":18}},"locations":[{"start":{"line":20,"column":17},"end":{"line":20,"column":18}}]},"75":{"type":"branch","line":20,"loc":{"start":{"line":20,"column":17},"end":{"line":20,"column":18}},"locations":[{"start":{"line":20,"column":17},"end":{"line":20,"column":18}}]}},"b":{"0":[4],"1":[0],"2":[0],"3":[0],"4":[0],"5":[0],"6":[0],"7":[1],"8":[52],"9":[1],"10":[0],"11":[3],"12":[0],"13":[8],"14":[24],"15":[2],"16":[1],"17":[2],"18":[0],"19":[0],"20":[3],"21":[0],"22":[2],"23":[1],"24":[0],"25":[1],"26":[2],"27":[1],"28":[2],"29":[0],"30":[1],"31":[1],"32":[4],"33":[0],"34":[0],"35":[4],"36":[0],"37":[1],"38":[0],"39":[1],"40":[0],"41":[2],"42":[0],"43":[0],"44":[0],"45":[0],"46":[0],"47":[0],"48":[0],"49":[0],"50":[0],"51":[2],"52":[0],"53":[0],"54":[0],"55":[2],"56":[0],"57":[1],"58":[4],"59":[1],"60":[1],"61":[2],"62":[1],"63":[0],"64":[4],"65":[4],"66":[0],"67":[4],"68":[1],"69":[4],"70":[1],"71":[3],"72":[1],"73":[1],"74":[0],"75":[1]},"fnMap":{"0":{"name":"_regeneratorRuntime","decl":{"start":{"line":2,"column":-1},"end":{"line":2,"column":8}},"loc":{"start":{"line":2,"column":-1},"end":{"line":2,"column":8}},"line":2},"1":{"name":"_regeneratorRuntime","decl":{"start":{"line":2,"column":0},"end":{"line":2,"column":8}},"loc":{"start":{"line":2,"column":0},"end":{"line":2,"column":8}},"line":2},"2":{"name":"defineProperty","decl":{"start":{"line":2,"column":0},"end":{"line":2,"column":8}},"loc":{"start":{"line":2,"column":0},"end":{"line":2,"column":8}},"line":2},"3":{"name":"define","decl":{"start":{"line":2,"column":0},"end":{"line":2,"column":8}},"loc":{"start":{"line":2,"column":0},"end":{"line":2,"column":8}},"line":2},"4":{"name":"define","decl":{"start":{"line":2,"column":0},"end":{"line":2,"column":8}},"loc":{"start":{"line":2,"column":0},"end":{"line":2,"column":8}},"line":2},"5":{"name":"wrap","decl":{"start":{"line":2,"column":0},"end":{"line":2,"column":8}},"loc":{"start":{"line":2,"column":0},"end":{"line":2,"column":8}},"line":2},"6":{"name":"tryCatch","decl":{"start":{"line":2,"column":0},"end":{"line":2,"column":8}},"loc":{"start":{"line":2,"column":0},"end":{"line":2,"column":8}},"line":2},"7":{"name":"Generator","decl":{"start":{"line":2,"column":0},"end":{"line":2,"column":8}},"loc":{"start":{"line":2,"column":0},"end":{"line":2,"column":8}},"line":2},"8":{"name":"GeneratorFunction","decl":{"start":{"line":2,"column":0},"end":{"line":2,"column":8}},"loc":{"start":{"line":2,"column":0},"end":{"line":2,"column":8}},"line":2},"9":{"name":"GeneratorFunctionPrototype","decl":{"start":{"line":2,"column":0},"end":{"line":2,"column":8}},"loc":{"start":{"line":2,"column":0},"end":{"line":2,"column":8}},"line":2},"10":{"name":"defineIteratorMethods","decl":{"start":{"line":2,"column":0},"end":{"line":2,"column":8}},"loc":{"start":{"line":2,"column":0},"end":{"line":2,"column":8}},"line":2},"11":{"name":"AsyncIterator","decl":{"start":{"line":2,"column":0},"end":{"line":2,"column":8}},"loc":{"start":{"line":2,"column":0},"end":{"line":2,"column":8}},"line":2},"12":{"name":"makeInvokeMethod","decl":{"start":{"line":2,"column":0},"end":{"line":2,"column":8}},"loc":{"start":{"line":2,"column":0},"end":{"line":2,"column":8}},"line":2},"13":{"name":"maybeInvokeDelegate","decl":{"start":{"line":2,"column":0},"end":{"line":2,"column":8}},"loc":{"start":{"line":2,"column":0},"end":{"line":2,"column":8}},"line":2},"14":{"name":"pushTryEntry","decl":{"start":{"line":2,"column":0},"end":{"line":2,"column":8}},"loc":{"start":{"line":2,"column":0},"end":{"line":2,"column":8}},"line":2},"15":{"name":"resetTryEntry","decl":{"start":{"line":2,"column":0},"end":{"line":2,"column":8}},"loc":{"start":{"line":2,"column":0},"end":{"line":2,"column":8}},"line":2},"16":{"name":"Context","decl":{"start":{"line":2,"column":0},"end":{"line":2,"column":8}},"loc":{"start":{"line":2,"column":0},"end":{"line":2,"column":8}},"line":2},"17":{"name":"values","decl":{"start":{"line":2,"column":0},"end":{"line":2,"column":8}},"loc":{"start":{"line":2,"column":0},"end":{"line":2,"column":8}},"line":2},"18":{"name":"next","decl":{"start":{"line":2,"column":0},"end":{"line":2,"column":8}},"loc":{"start":{"line":2,"column":0},"end":{"line":2,"column":8}},"line":2},"19":{"name":"doneResult","decl":{"start":{"line":2,"column":0},"end":{"line":2,"column":8}},"loc":{"start":{"line":2,"column":0},"end":{"line":2,"column":8}},"line":2},"20":{"name":"exports.isGeneratorFunction","decl":{"start":{"line":2,"column":0},"end":{"line":2,"column":8}},"loc":{"start":{"line":2,"column":0},"end":{"line":2,"column":8}},"line":2},"21":{"name":"exports.mark","decl":{"start":{"line":2,"column":0},"end":{"line":2,"column":8}},"loc":{"start":{"line":2,"column":0},"end":{"line":2,"column":8}},"line":2},"22":{"name":"exports.awrap","decl":{"start":{"line":2,"column":0},"end":{"line":2,"column":8}},"loc":{"start":{"line":2,"column":0},"end":{"line":2,"column":8}},"line":2},"23":{"name":"exports.async","decl":{"start":{"line":2,"column":0},"end":{"line":2,"column":8}},"loc":{"start":{"line":2,"column":0},"end":{"line":2,"column":8}},"line":2},"24":{"name":"exports.keys","decl":{"start":{"line":2,"column":0},"end":{"line":2,"column":8}},"loc":{"start":{"line":2,"column":0},"end":{"line":2,"column":8}},"line":2},"25":{"name":"reset","decl":{"start":{"line":2,"column":0},"end":{"line":2,"column":8}},"loc":{"start":{"line":2,"column":0},"end":{"line":2,"column":8}},"line":2},"26":{"name":"stop","decl":{"start":{"line":2,"column":0},"end":{"line":2,"column":8}},"loc":{"start":{"line":2,"column":0},"end":{"line":2,"column":8}},"line":2},"27":{"name":"dispatchException","decl":{"start":{"line":2,"column":0},"end":{"line":2,"column":8}},"loc":{"start":{"line":2,"column":0},"end":{"line":2,"column":8}},"line":2},"28":{"name":"abrupt","decl":{"start":{"line":2,"column":0},"end":{"line":2,"column":8}},"loc":{"start":{"line":2,"column":0},"end":{"line":2,"column":8}},"line":2},"29":{"name":"complete","decl":{"start":{"line":2,"column":0},"end":{"line":2,"column":8}},"loc":{"start":{"line":2,"column":0},"end":{"line":2,"column":8}},"line":2},"30":{"name":"finish","decl":{"start":{"line":2,"column":0},"end":{"line":2,"column":8}},"loc":{"start":{"line":2,"column":0},"end":{"line":2,"column":8}},"line":2},"31":{"name":"_catch","decl":{"start":{"line":2,"column":0},"end":{"line":2,"column":8}},"loc":{"start":{"line":2,"column":0},"end":{"line":2,"column":8}},"line":2},"32":{"name":"delegateYield","decl":{"start":{"line":2,"column":0},"end":{"line":2,"column":8}},"loc":{"start":{"line":2,"column":0},"end":{"line":2,"column":8}},"line":2},"33":{"name":"asyncGeneratorStep","decl":{"start":{"line":2,"column":0},"end":{"line":2,"column":8}},"loc":{"start":{"line":2,"column":0},"end":{"line":2,"column":8}},"line":2},"34":{"name":"_asyncToGenerator","decl":{"start":{"line":2,"column":0},"end":{"line":2,"column":8}},"loc":{"start":{"line":2,"column":0},"end":{"line":2,"column":8}},"line":2},"35":{"name":"_next","decl":{"start":{"line":2,"column":0},"end":{"line":2,"column":8}},"loc":{"start":{"line":2,"column":0},"end":{"line":2,"column":8}},"line":2},"36":{"name":"_throw","decl":{"start":{"line":2,"column":0},"end":{"line":2,"column":8}},"loc":{"start":{"line":2,"column":0},"end":{"line":2,"column":8}},"line":2},"37":{"name":"_classCallCheck","decl":{"start":{"line":2,"column":0},"end":{"line":2,"column":8}},"loc":{"start":{"line":2,"column":0},"end":{"line":2,"column":8}},"line":2},"38":{"name":"_defineProperties","decl":{"start":{"line":2,"column":0},"end":{"line":2,"column":8}},"loc":{"start":{"line":2,"column":0},"end":{"line":2,"column":8}},"line":2},"39":{"name":"_createClass","decl":{"start":{"line":2,"column":0},"end":{"line":2,"column":8}},"loc":{"start":{"line":2,"column":0},"end":{"line":2,"column":8}},"line":2},"40":{"name":"S3Service","decl":{"start":{"line":5,"column":2},"end":{"line":10,"column":3}},"loc":{"start":{"line":5,"column":2},"end":{"line":10,"column":3}},"line":5},"41":{"name":"_callee","decl":{"start":{"line":12,"column":2},"end":{"line":20,"column":18}},"loc":{"start":{"line":12,"column":2},"end":{"line":20,"column":18}},"line":12},"42":{"name":"_callee$","decl":{"start":{"line":12,"column":19},"end":{"line":20,"column":18}},"loc":{"start":{"line":12,"column":19},"end":{"line":20,"column":18}},"line":12}},"f":{"0":4,"1":1,"2":0,"3":52,"4":0,"5":1,"6":3,"7":0,"8":0,"9":0,"10":8,"11":0,"12":1,"13":0,"14":0,"15":1,"16":1,"17":4,"18":0,"19":0,"20":0,"21":4,"22":0,"23":0,"24":0,"25":1,"26":1,"27":0,"28":2,"29":2,"30":0,"31":0,"32":0,"33":2,"34":4,"35":2,"36":0,"37":1,"38":4,"39":4,"40":1,"41":1,"42":3}}
}
